2490198724,FALSE
2490198618,FALSE
2490198491,TRUE
2490198293,TRUE
2490198141,TRUE
2490198085,TRUE
2490198080,FALSE
2490198072,TRUE
2490198071,FALSE
2490198018,TRUE
2490197928,TRUE
2490197892,FALSE
2490197863,FALSE
2490197853,TRUE
2490197731,FALSE
2490197699,FALSE
2490197549,FALSE
2490197472,FALSE
2490196702,FALSE
2490196538,TRUE
2490196320,FALSE
2490196286,TRUE
2490196258,TRUE
2490196257,TRUE
2490196256,TRUE
2490307561,TRUE
2490304053,TRUE
2490298392,FALSE
2490292625,FALSE
2490289489,TRUE
2490281197,TRUE
2490280176,TRUE
2490274133,TRUE
2490271931,TRUE
2490271247,TRUE
2490271050,TRUE
2490270496,FALSE
2490269590,TRUE
2490269039,FALSE
2490268632,TRUE
2490267273,TRUE
2490266667,TRUE
2490266573,TRUE
2490265268,TRUE
2490264964,TRUE
2490264836,TRUE
2490263965,FALSE
2490262884,TRUE
2490262745,TRUE
2490262258,TRUE
2490261618,FALSE
2490261590,TRUE
2490261487,TRUE
2490261263,TRUE
2490261155,TRUE
2490261124,TRUE
2490260443,TRUE
2490260146,FALSE
2490260098,TRUE
2490259875,FALSE
2490259269,TRUE
2490258852,FALSE
2490258334,TRUE
2490257639,TRUE
2490257607,TRUE
2490257219,TRUE
2490257102,FALSE
2490257052,TRUE
2490256379,FALSE
2490256063,FALSE
2490255306,TRUE
2490255275,FALSE
2490255217,FALSE
2490255078,TRUE
2490254890,TRUE
2490254317,TRUE
2490253950,FALSE
2490253571,TRUE
2490253244,TRUE
2490253009,TRUE
2490252916,TRUE
2490252883,TRUE
2490252127,TRUE
2490252046,TRUE
2490251854,TRUE
2490251595,FALSE
2490251556,TRUE
2490251553,TRUE
2490251440,TRUE
2490251061,TRUE
2490250987,FALSE
2490250946,TRUE
2490250069,TRUE
2490250027,TRUE
2490249929,FALSE
2490249729,TRUE
2490249454,TRUE
2490249131,TRUE
2490249029,FALSE
2490248842,TRUE
2490248820,TRUE
2490248596,TRUE
2490248500,TRUE
2490248444,TRUE
2490248210,TRUE
2490248180,TRUE
2490247959,TRUE
2490247941,FALSE
2490247755,TRUE
2490247501,TRUE
2490247124,TRUE
2490247023,TRUE
2490246928,TRUE
2490246794,FALSE
2490246157,TRUE
2490246141,TRUE
2490245744,TRUE
2490245646,FALSE
2490245637,TRUE
2490245535,TRUE
2490245407,TRUE
2490245370,TRUE
2490245313,TRUE
2490244957,TRUE
2490244691,TRUE
2490244653,TRUE
2490244418,FALSE
2490244360,FALSE
2490244011,FALSE
2490243946,TRUE
2490243924,TRUE
2490243549,TRUE
2490243522,TRUE
2490243504,TRUE
2490243215,FALSE
2490243151,TRUE
2490242906,TRUE
2490242794,TRUE
2490242654,FALSE
2490242623,TRUE
2490242596,TRUE
2490242559,FALSE
2490242540,FALSE
2490242468,FALSE
2490241985,TRUE
2490241965,TRUE
2490241907,TRUE
2490241904,TRUE
2490241897,TRUE
2490241862,FALSE
2490241783,FALSE
2490241682,FALSE
2490241679,FALSE
2490241564,TRUE
2490241515,TRUE
2490241327,TRUE
2490241273,TRUE
2490241226,TRUE
2490240892,FALSE
2490240626,FALSE
2490240588,TRUE
2490240450,TRUE
2490240439,TRUE
2490240052,TRUE
2490239989,TRUE
2490239893,FALSE
2490239816,TRUE
2490239706,FALSE
2490239653,FALSE
2490239639,TRUE
2490239565,TRUE
2490239497,FALSE
2490239457,TRUE
2490239138,TRUE
2490238979,TRUE
2490238943,TRUE
2490238807,TRUE
2490238781,FALSE
2490238549,FALSE
2490238455,TRUE
2490238293,FALSE
2490238099,FALSE
2490237942,TRUE
2490237771,TRUE
2490237729,FALSE
2490237674,TRUE
2490237664,TRUE
2490237465,TRUE
2490237461,TRUE
2490237333,FALSE
2490237293,FALSE
2490237264,TRUE
2490237084,TRUE
2490237057,FALSE
2490237031,TRUE
2490237020,TRUE
2490236998,TRUE
2490236997,FALSE
2490236952,TRUE
2490236933,TRUE
2490236896,TRUE
2490236882,FALSE
2490236859,TRUE
2490236798,TRUE
2490236710,FALSE
2490236673,FALSE
2490236478,TRUE
2490236439,FALSE
2490236282,TRUE
2490236180,FALSE
2490236106,TRUE
2490236071,TRUE
2490236045,TRUE
2490235971,FALSE
2490235846,TRUE
2490235822,TRUE
2490235803,FALSE
2490235784,FALSE
2490235737,TRUE
2490235710,TRUE
2490235365,TRUE
2490235284,FALSE
2490235240,FALSE
2490235214,TRUE
2490235182,TRUE
2490235050,TRUE
2490235011,TRUE
2490234876,FALSE
2490234845,TRUE
2490234834,TRUE
2490234759,TRUE
2490234689,TRUE
2490234566,TRUE
2490234471,FALSE
2490234301,TRUE
2490234214,FALSE
2490234138,TRUE
2490234019,TRUE
2490233888,FALSE
2490233799,FALSE
2490233715,FALSE
2490233695,TRUE
2490233684,TRUE
2490233509,FALSE
2490233499,TRUE
2490233438,FALSE
2490233432,TRUE
2490233381,FALSE
2490233292,FALSE
2490233278,TRUE
2490233205,FALSE
2490233184,TRUE
2490233101,TRUE
2490233065,TRUE
2490233027,FALSE
2490233004,TRUE
2490232988,TRUE
2490232818,TRUE
2490232804,TRUE
2490232731,TRUE
2490232578,FALSE
2490232574,FALSE
2490232344,TRUE
2490232341,TRUE
2490232299,FALSE
2490232217,FALSE
2490231887,TRUE
2490231878,TRUE
2490231846,TRUE
2490231795,TRUE
2490231685,TRUE
2490231677,FALSE
2490231581,TRUE
2490231526,TRUE
2490231481,FALSE
2490231448,FALSE
2490231244,TRUE
2490231241,TRUE
2490231219,TRUE
2490231207,TRUE
2490231145,FALSE
2490231055,TRUE
2490231034,FALSE
2490230973,TRUE
2490230943,FALSE
2490230898,TRUE
2490230750,TRUE
2490230567,TRUE
2490230561,FALSE
2490230476,FALSE
2490230463,FALSE
2490230441,FALSE
2490230290,FALSE
2490320913,FALSE
2490315159,TRUE
2490314531,FALSE
2490307929,TRUE
2490300163,FALSE
2490291939,TRUE
2490281847,TRUE
2490277157,FALSE
2490276720,TRUE
2490275179,FALSE
2490274560,TRUE
2490274243,FALSE
2490273458,TRUE
2490272909,FALSE
2490272517,TRUE
2490270927,TRUE
2490270563,TRUE
2490270167,TRUE
2490269985,FALSE
2490269693,TRUE
2490269296,FALSE
2490267979,FALSE
2490267725,TRUE
2490267315,TRUE
2490266711,TRUE
2490266613,TRUE
2490266246,TRUE
2490265857,TRUE
2490265178,TRUE
2490264948,FALSE
2490264902,TRUE
2490264087,TRUE
2490264042,TRUE
2490263862,TRUE
2490263440,FALSE
2490263367,TRUE
2490263299,TRUE
2490262386,FALSE
2490262306,TRUE
2490262291,FALSE
2490261607,TRUE
2490260722,TRUE
2490260575,TRUE
2490260533,FALSE
2490260511,TRUE
2490260451,TRUE
2490259935,TRUE
2490259644,FALSE
2490259294,TRUE
2490259200,TRUE
2490259161,TRUE
2490258872,FALSE
2490258613,TRUE
2490258436,FALSE
2490258385,FALSE
2490258256,FALSE
2490258106,TRUE
2490257918,TRUE
2490257821,FALSE
2490257743,FALSE
2490257675,TRUE
2490257285,FALSE
2490257154,TRUE
2490257035,TRUE
2490257028,TRUE
2490256668,FALSE
2490256225,FALSE
2490256177,FALSE
2490256059,FALSE
2490255926,TRUE
2490255825,FALSE
2490255570,FALSE
2490254964,FALSE
2490254944,TRUE
2490254887,TRUE
2490254821,FALSE
2490254739,TRUE
2490254659,TRUE
2490254410,FALSE
2490254023,FALSE
2490253938,FALSE
2490253614,TRUE
2490253274,TRUE
2490253160,FALSE
2490253047,TRUE
2490252635,FALSE
2490252557,FALSE
2490252387,TRUE
2490252241,FALSE
2490252128,TRUE
2490251869,TRUE
2490251811,TRUE
2490251768,FALSE
2490251492,TRUE
2490251175,TRUE
2490251094,TRUE
2490251060,FALSE
2490251039,TRUE
2490250957,FALSE
2490250889,TRUE
2490250696,TRUE
2490250355,FALSE
2490250193,TRUE
2490250174,TRUE
2490249972,FALSE
2490249935,FALSE
2490249847,TRUE
2490249776,FALSE
2490249771,FALSE
2490249703,TRUE
2490249700,FALSE
2490249680,TRUE
2490249276,TRUE
2490249120,TRUE
2490249073,FALSE
2490248880,FALSE
2490248450,TRUE
2490248363,TRUE
2490248308,TRUE
2490248005,TRUE
2490247927,FALSE
2490247440,TRUE
2490247315,TRUE
2490247307,FALSE
2490247211,FALSE
2490247136,FALSE
2490247112,TRUE
2490247021,TRUE
2490246993,FALSE
2490246904,FALSE
2490246880,TRUE
2490246610,FALSE
2490246463,TRUE
2490246320,TRUE
2490245924,TRUE
2490245728,TRUE
2490245432,FALSE
2490245359,TRUE
2490245170,FALSE
2490245129,FALSE
2490245086,TRUE
2490245083,FALSE
2490244857,TRUE
2490244785,TRUE
2490244760,FALSE
2490244617,FALSE
2490244549,TRUE
2490244540,TRUE
2490244448,FALSE
2490244428,FALSE
2490244039,FALSE
2490243992,TRUE
2490243950,FALSE
2490243463,TRUE
2490243355,TRUE
2490243306,FALSE
2490243252,TRUE
2490243210,TRUE
2490243197,TRUE
2490242990,TRUE
2490242985,TRUE
2490242932,TRUE
2490242665,FALSE
2490242620,TRUE
2490242337,FALSE
2490242177,FALSE
2490242075,TRUE
2490241962,TRUE
2490241901,TRUE
2490241822,FALSE
2490241767,FALSE
2490241715,TRUE
2490241652,TRUE
2490241623,TRUE
2490241458,FALSE
2490241412,FALSE
2490241360,FALSE
2490241205,TRUE
2490241204,FALSE
2490241101,TRUE
2490241094,FALSE
2490240967,TRUE
2490240956,FALSE
2490240844,TRUE
2490240802,FALSE
2490240760,TRUE
2490240714,FALSE
2490240627,TRUE
2490240623,TRUE
2490240496,FALSE
2490240459,FALSE
2490240065,TRUE
2490240036,TRUE
2490239999,TRUE
2490239979,FALSE
2490341571,TRUE
2490335252,FALSE
2490331834,TRUE
2490330524,TRUE
2490329802,TRUE
2490314639,TRUE
2490300355,TRUE
2490299499,TRUE
2490298656,TRUE
2490296060,FALSE
2490291222,TRUE
2490289597,FALSE
2490288599,FALSE
2490287578,FALSE
2490286324,TRUE
2490285494,FALSE
2490282183,FALSE
2490282094,TRUE
2490281913,TRUE
2490281764,FALSE
2490281726,TRUE
2490280851,TRUE
2490280678,FALSE
2490280672,TRUE
2490279856,TRUE
2490279497,TRUE
2490279427,TRUE
2490278387,TRUE
2490278366,TRUE
2490278070,TRUE
2490278041,FALSE
2490277838,TRUE
2490277812,TRUE
2490277670,FALSE
2490277616,TRUE
2490276139,TRUE
2490275781,TRUE
2490275747,TRUE
2490275539,TRUE
2490275216,TRUE
2490275096,FALSE
2490274753,FALSE
2490274663,FALSE
2490274591,TRUE
2490274426,TRUE
2490274424,TRUE
2490274072,TRUE
2490274039,TRUE
2490273980,TRUE
2490273915,TRUE
2490273735,TRUE
2490273617,TRUE
2490273612,TRUE
2490273564,TRUE
2490273311,FALSE
2490273114,TRUE
2490272104,FALSE
2490272079,TRUE
2490271685,FALSE
2490271578,TRUE
2490271382,TRUE
2490271112,FALSE
2490271009,FALSE
2490270960,TRUE
2490269919,FALSE
2490269795,TRUE
2490269295,TRUE
2490269118,FALSE
2490268862,TRUE
2490268776,TRUE
2490268559,FALSE
2490268528,FALSE
2490268517,FALSE
2490268516,FALSE
2490268345,FALSE
2490267976,FALSE
2490267867,TRUE
2490267638,TRUE
2490267542,FALSE
2490267509,FALSE
2490267277,FALSE
2490266864,FALSE
2490266777,FALSE
2490266766,TRUE
2490266759,TRUE
2490266680,FALSE
2490266302,TRUE
2490266287,TRUE
2490266213,TRUE
2490266107,TRUE
2490265870,TRUE
2490265802,TRUE
2490265176,TRUE
2490264972,TRUE
2490264962,FALSE
2490264794,TRUE
2490264763,TRUE
2490264623,TRUE
2490264618,TRUE
2490264617,FALSE
2490264504,TRUE
2490264368,FALSE
2490264308,FALSE
2490264277,TRUE
2490264271,TRUE
2490264173,TRUE
2490264145,FALSE
2490263758,TRUE
2490263689,FALSE
2490263528,TRUE
2490263473,TRUE
2490263412,TRUE
2490263354,TRUE
2490263287,TRUE
2490263244,TRUE
2490263098,FALSE
2490263055,TRUE
2490263023,TRUE
2490262879,TRUE
2490262647,TRUE
2490262559,TRUE
2490262457,TRUE
2490262444,TRUE
2490262401,TRUE
2490262328,FALSE
2490262254,FALSE
2490262060,TRUE
2490261927,FALSE
2490261832,TRUE
2490261815,TRUE
2490261810,FALSE
2490261561,TRUE
2490261459,TRUE
2490261292,FALSE
2490261118,FALSE
2490261022,FALSE
2490260992,TRUE
2490260713,TRUE
2490260629,FALSE
2490260573,FALSE
2490260182,FALSE
2490260128,FALSE
2490260047,TRUE
2490259960,FALSE
2490259894,FALSE
2490259879,TRUE
2490259614,FALSE
2490259595,FALSE
2490259564,FALSE
2490259477,FALSE
2490259318,TRUE
2490259268,TRUE
2490259264,FALSE
2490259076,FALSE
2490259063,TRUE
2490258925,FALSE
2490258915,TRUE
2490258883,FALSE
2490258875,FALSE
2490258843,TRUE
2490258774,TRUE
2490258566,FALSE
2490258519,TRUE
2490258402,TRUE
2490258340,TRUE
2490258307,TRUE
2490258252,TRUE
2490258237,TRUE
2490258232,TRUE
2490258210,TRUE
2490258207,TRUE
2490258157,FALSE
2490258030,FALSE
2490257975,TRUE
2490257970,FALSE
2490257967,TRUE
2490257788,FALSE
2490257770,TRUE
2490257731,FALSE
2490257724,FALSE
2490257697,FALSE
2490257595,TRUE
2490257491,TRUE
2490257428,TRUE
2490257420,TRUE
2490257257,FALSE
2490257202,FALSE
2490257158,TRUE
2490257049,TRUE
2490257032,TRUE
2490256942,FALSE
2490256855,FALSE
2490256712,TRUE
2490256227,TRUE
2490256209,FALSE
2490256167,TRUE
2490256165,FALSE
2490256101,TRUE
2490255994,TRUE
2490255747,TRUE
2490255668,FALSE
2490255489,FALSE
2490255454,TRUE
2490255430,FALSE
2490255277,TRUE
2490255258,FALSE
2490255229,FALSE
2490254943,TRUE
2490254818,TRUE
2490254649,TRUE
2490254607,FALSE
2490254525,TRUE
2490254415,FALSE
2490254175,FALSE
2490254165,FALSE
2490254127,TRUE
2490253856,TRUE
2490253814,TRUE
2490253784,FALSE
2490253609,TRUE
2490253554,TRUE
2490253489,FALSE
2490253486,FALSE
2490253429,TRUE
2490253384,TRUE
2490253296,TRUE
2490253291,TRUE
2490253247,TRUE
2490253243,FALSE
2490253183,TRUE
2490253132,FALSE
2490252767,TRUE
2490252764,TRUE
2490252487,FALSE
2490252425,FALSE
2490252421,FALSE
2490252388,TRUE
2490252386,TRUE
2490252211,FALSE
2490252081,FALSE
2490252064,FALSE
2490251967,FALSE
2490251932,FALSE
2490251804,FALSE
2490251701,FALSE
2490251700,FALSE
2490251645,TRUE
2490251643,FALSE
2490251547,TRUE
2490251518,TRUE
2490251511,FALSE
2490251432,TRUE
2490251402,TRUE
2490251359,TRUE
2490251345,FALSE
2490251343,TRUE
2490251337,FALSE
2490251210,TRUE
2490251162,TRUE
2490251152,FALSE
2490251139,TRUE
2490251088,TRUE
2490251083,FALSE
2490251050,TRUE
2490325835,TRUE
2490324425,TRUE
2490323175,TRUE
2490323142,TRUE
2490317201,FALSE
2490315146,FALSE
2490310080,TRUE
2490306138,TRUE
2490304224,TRUE
2490303459,TRUE
2490298158,TRUE
2490297640,FALSE
2490297192,FALSE
2490294425,FALSE
2490294330,TRUE
2490290648,TRUE
2490288237,TRUE
2490287161,FALSE
2490285949,TRUE
2490285319,FALSE
2490284386,TRUE
2490283494,TRUE
2490283138,TRUE
2490282632,FALSE
2490279916,TRUE
2490279366,FALSE
2490278459,TRUE
2490278007,TRUE
2490277734,TRUE
2490277317,TRUE
2490277182,FALSE
2490276775,TRUE
2490275859,TRUE
2490275287,TRUE
2490273970,FALSE
2490273954,TRUE
2490273802,TRUE
2490273649,FALSE
2490273005,TRUE
2490272686,TRUE
2490272229,TRUE
2490271875,TRUE
2490271730,TRUE
2490271539,FALSE
2490270753,TRUE
2490270440,TRUE
2490270089,FALSE
2490269134,TRUE
2490268808,TRUE
2490268748,TRUE
2490267152,TRUE
2490266757,TRUE
2490266630,FALSE
2490266575,TRUE
2490266312,FALSE
2490266175,FALSE
2490265926,TRUE
2490265658,FALSE
2490264891,TRUE
2490262653,TRUE
2490262345,TRUE
2490262174,TRUE
2490261534,TRUE
2490261333,TRUE
2490259390,TRUE
2490259315,FALSE
2490259295,FALSE
2490258746,FALSE
2490257615,FALSE
2490257145,TRUE
2490255437,FALSE
2490255315,TRUE
2490255218,TRUE
2490254357,TRUE
2490253693,TRUE
2490253692,FALSE
2490252629,TRUE
2490252202,TRUE
2490252150,TRUE
2490252108,FALSE
2490251656,TRUE
2490251289,TRUE
2490250965,TRUE
2490250809,FALSE
2490250418,FALSE
2490249580,FALSE
2490249080,TRUE
2490248494,TRUE
2490248202,FALSE
2490248100,FALSE
2490247944,FALSE
2490247619,FALSE
2490247405,FALSE
2490247402,TRUE
2490247372,FALSE
2490246980,TRUE
2490246627,FALSE
2490246457,FALSE
2490246117,TRUE
2490245847,TRUE
2490245514,TRUE
2490245342,TRUE
2490244916,TRUE
2490244610,TRUE
2490244593,FALSE
2490244585,FALSE
2490244512,FALSE
2490244326,FALSE
2490244010,TRUE
2490243972,TRUE
2490243770,TRUE
2490243676,FALSE
2490243512,FALSE
2490243320,TRUE
2490243294,TRUE
2490243214,TRUE
2490243135,TRUE
2490243134,FALSE
2490242740,TRUE
2490242633,FALSE
2490242381,TRUE
2490241313,TRUE
2490241272,TRUE
2490239461,FALSE
2490239349,FALSE
2490238893,FALSE
2490238661,TRUE
2490238656,FALSE
2490238483,FALSE
2490237575,TRUE
2490237049,FALSE
2490236941,FALSE
2490236663,FALSE
2490236324,FALSE
2490235951,FALSE
2490235892,FALSE
2490235769,FALSE
2490235653,TRUE
2490235519,FALSE
2490235410,TRUE
2490235237,TRUE
2490234296,TRUE
2490234196,TRUE
2490234168,FALSE
2490234087,TRUE
2490233625,TRUE
2490233437,FALSE
2490233036,FALSE
2490232517,FALSE
2490232418,TRUE
2490232032,FALSE
2490231931,TRUE
2490231908,TRUE
2490231886,FALSE
2490231436,TRUE
2490231205,TRUE
2490230927,TRUE
2490230397,TRUE
2490230361,FALSE
2490229737,FALSE
2490229604,TRUE
2490229396,FALSE
2490229143,FALSE
2490229096,FALSE
2490228826,FALSE
2490228755,FALSE
2490228572,FALSE
2490228314,TRUE
2490228143,FALSE
2490228001,TRUE
2490227888,FALSE
2490227443,TRUE
2490227403,FALSE
2490226652,FALSE
2490226120,TRUE
2490226115,TRUE
2490226079,TRUE
2490225671,FALSE
2490225590,TRUE
2490225575,TRUE
2490225359,TRUE
2490225308,FALSE
2490225306,FALSE
2490225121,FALSE
2490224281,FALSE
2490224051,TRUE
2490223876,TRUE
2490223677,TRUE
2490223186,FALSE
2490223080,TRUE
2490222926,TRUE
2490222725,TRUE
2490222284,TRUE
2490222052,TRUE
2490221826,FALSE
2490221540,TRUE
2490221444,TRUE
2490221199,TRUE
2490220996,TRUE
2490220947,TRUE
2490220713,TRUE
2490220706,FALSE
2490220457,FALSE
2490220381,TRUE
2490220290,FALSE
2490220103,TRUE
2490220102,FALSE
2490219960,TRUE
2490219857,TRUE
2490219505,TRUE
2490219474,FALSE
2490219271,FALSE
2490219180,TRUE
2490219086,TRUE
2490218446,TRUE
2490218378,TRUE
2490217973,FALSE
2490217968,FALSE
2490217746,FALSE
2490217600,TRUE
2490216871,TRUE
2490216729,TRUE
2490216525,FALSE
2490215815,TRUE
2490215773,TRUE
2490215150,FALSE
2490214783,FALSE
2490214774,TRUE
2490214701,FALSE
2490214272,TRUE
2490214210,TRUE
2490214058,TRUE
2490214013,TRUE
2490213456,FALSE
2490213384,TRUE
2490213023,FALSE
2490212717,TRUE
2490211972,TRUE
2490211933,TRUE
2490211506,TRUE
2490211023,TRUE
2490210675,FALSE
2490210525,FALSE
2490209813,FALSE
2490209711,TRUE
2490209419,TRUE
2490209404,FALSE
2490209122,TRUE
2490208937,TRUE
2490208573,TRUE
2490208495,FALSE
2490208389,FALSE
2490207794,TRUE
2490207782,TRUE
2490207779,FALSE
2490207219,FALSE
2490207192,FALSE
2490207103,TRUE
2490206820,FALSE
2490206772,TRUE
2490206675,TRUE
2490206421,TRUE
2490206063,FALSE
2490205979,TRUE
2490205953,FALSE
2490205714,TRUE
2490205681,FALSE
2490205411,TRUE
2490205137,FALSE
2490205048,TRUE
2490204978,TRUE
2490204288,FALSE
2490204238,TRUE
2490370960,TRUE
2490370725,TRUE
2490366730,TRUE
2490359743,TRUE
2490356336,TRUE
2490355604,TRUE
2490347238,FALSE
2490343052,FALSE
2490337882,TRUE
2490337475,TRUE
2490329725,TRUE
2490329724,FALSE
2490318536,TRUE
2490315403,FALSE
2490313666,TRUE
2490313311,TRUE
2490309725,FALSE
2490309106,TRUE
2490307946,FALSE
2490307899,TRUE
2490306631,TRUE
2490306481,TRUE
2490305718,TRUE
2490305265,FALSE
2490304401,TRUE
2490304305,TRUE
2490304172,FALSE
2490304120,TRUE
2490303715,TRUE
2490303361,FALSE
2490303321,FALSE
2490303012,TRUE
2490302965,FALSE
2490301943,FALSE
2490300658,TRUE
2490299618,TRUE
2490299355,TRUE
2490299219,TRUE
2490298847,FALSE
2490298431,FALSE
2490298304,TRUE
2490298165,FALSE
2490298111,FALSE
2490297547,TRUE
2490297311,TRUE
2490297132,TRUE
2490296695,TRUE
2490296613,FALSE
2490296404,TRUE
2490296400,TRUE
2490296249,FALSE
2490296211,FALSE
2490296067,TRUE
2490296049,FALSE
2490295903,FALSE
2490295070,TRUE
2490295027,TRUE
2490294999,TRUE
2490294895,TRUE
2490294341,TRUE
2490294249,TRUE
2490294216,FALSE
2490294074,TRUE
2490293818,TRUE
2490293636,TRUE
2490293477,FALSE
2490293167,TRUE
2490293137,TRUE
2490292887,FALSE
2490292833,TRUE
2490292755,TRUE
2490292118,TRUE
2490291896,TRUE
2490291876,FALSE
2490291848,TRUE
2490291794,TRUE
2490291275,TRUE
2490291160,TRUE
2490290846,TRUE
2490290338,TRUE
2490289662,TRUE
2490289644,FALSE
2490289028,TRUE
2490288838,TRUE
2490288795,FALSE
2490288636,FALSE
2490288546,TRUE
2490288357,TRUE
2490288242,TRUE
2490287851,FALSE
2490287809,FALSE
2490287667,TRUE
2490286272,TRUE
2490286014,TRUE
2490276362,FALSE
2490267119,TRUE
2490264254,FALSE
2490263688,FALSE
2490263040,FALSE
2490262923,TRUE
2490258160,TRUE
2490258108,TRUE
2490256550,TRUE
2490255257,TRUE
2490254605,TRUE
2490253349,FALSE
2490253123,TRUE
2490253072,FALSE
2490252680,TRUE
2490252603,TRUE
2490252476,TRUE
2490252445,FALSE
2490252199,TRUE
2490251089,FALSE
2490250231,FALSE
2490250106,FALSE
2490249314,FALSE
2490246422,FALSE
2490246354,TRUE
2490246353,TRUE
2490244817,FALSE
2490243818,TRUE
2490243403,TRUE
2490242422,FALSE
2490242208,TRUE
2490242105,FALSE
2490241859,TRUE
2490241722,TRUE
2490241198,FALSE
2490241145,TRUE
2490240572,TRUE
2490240571,TRUE
2490240261,FALSE
2490240204,TRUE
2490240171,TRUE
2490239834,FALSE
2490239554,TRUE
2490239523,TRUE
2490239475,FALSE
2490239294,FALSE
2490239257,TRUE
2490239026,TRUE
2490238978,FALSE
2490238632,TRUE
2490237959,TRUE
2490237782,TRUE
2490237220,TRUE
2490237114,TRUE
2490236995,FALSE
2490236834,TRUE
2490236521,FALSE
2490236514,TRUE
2490235644,TRUE
2490235605,TRUE
2490235516,FALSE
2490235497,FALSE
2490235469,TRUE
2490234903,TRUE
2490234829,FALSE
2490234822,FALSE
2490234761,TRUE
2490234701,TRUE
2490234522,TRUE
2490234330,TRUE
2490233475,FALSE
2490233435,TRUE
2490233412,TRUE
2490232816,TRUE
2490232672,TRUE
2490232120,TRUE
2490231974,TRUE
2490231536,FALSE
2490231054,TRUE
2490230841,TRUE
2490230698,FALSE
2490230396,FALSE
2490230280,TRUE
2490229859,TRUE
2490229819,FALSE
2490229732,FALSE
2490229707,FALSE
2490229277,FALSE
2490228951,TRUE
2490228578,FALSE
2490228558,FALSE
2490228531,TRUE
2490228529,TRUE
2490228188,FALSE
2490227927,TRUE
2490227615,TRUE
2490227295,TRUE
2490227209,TRUE
2490227202,FALSE
2490227124,TRUE
2490226900,TRUE
2490226888,TRUE
2490226850,TRUE
2490226713,FALSE
2490226401,TRUE
2490226276,TRUE
2490226266,TRUE
2490226256,TRUE
2490226024,TRUE
2490226022,FALSE
2490225964,TRUE
2490225882,TRUE
2490225880,FALSE
2490225693,FALSE
2490225580,TRUE
2490225527,TRUE
2490225511,FALSE
2490225323,TRUE
2490225278,TRUE
2490225182,TRUE
2490225014,FALSE
2490224983,FALSE
2490224814,FALSE
2490224714,TRUE
2490224468,FALSE
2490224413,FALSE
2490387291,TRUE
2490378229,FALSE
2490374340,FALSE
2490371561,TRUE
2490360556,FALSE
2490347413,TRUE
2490341903,TRUE
2490341259,FALSE
2490338985,FALSE
2490335342,FALSE
2490330051,TRUE
2490328744,TRUE
2490327702,TRUE
2490327643,TRUE
2490326789,TRUE
2490326020,TRUE
2490324427,TRUE
2490322260,TRUE
2490317985,TRUE
2490317425,FALSE
2490316317,FALSE
2490315953,TRUE
2490315213,TRUE
2490314460,FALSE
2490313357,FALSE
2490312478,FALSE
2490312227,TRUE
2490311586,TRUE
2490310045,TRUE
2490308719,FALSE
2490307341,FALSE
2490307312,TRUE
2490307230,TRUE
2490307037,TRUE
2490306936,FALSE
2490306891,FALSE
2490305767,TRUE
2490304839,FALSE
2490304485,TRUE
2490304003,FALSE
2490303951,TRUE
2490303516,TRUE
2490302974,FALSE
2490302956,FALSE
2490302849,TRUE
2490302790,TRUE
2490302640,TRUE
2490302481,TRUE
2490302332,TRUE
2490302327,TRUE
2490302056,TRUE
2490301392,FALSE
2490301277,TRUE
2490300937,FALSE
2490300531,TRUE
2490300231,TRUE
2490300182,TRUE
2490300060,TRUE
2490299471,TRUE
2490299380,TRUE
2490299196,TRUE
2490299076,TRUE
2490298992,FALSE
2490298690,FALSE
2490298333,FALSE
2490297946,TRUE
2490297887,TRUE
2490297584,TRUE
2490297503,TRUE
2490297026,FALSE
2490296436,TRUE
2490294995,TRUE
2490294984,TRUE
2490294535,FALSE
2490294529,TRUE
2490294414,FALSE
2490293969,TRUE
2490293871,FALSE
2490293528,TRUE
2490293146,TRUE
2490292885,FALSE
2490292376,FALSE
2490292326,FALSE
2490292183,TRUE
2490291714,TRUE
2490291512,TRUE
2490290773,TRUE
2490289745,TRUE
2490289229,TRUE
2490289180,FALSE
2490289057,FALSE
2490288937,FALSE
2490288879,TRUE
2490288564,FALSE
2490288285,FALSE
2490288249,FALSE
2490288223,FALSE
2490287996,TRUE
2490287690,FALSE
2490287664,TRUE
2490287206,TRUE
2490286635,FALSE
2490285995,TRUE
2490285909,TRUE
2490285741,TRUE
2490285687,TRUE
2490284971,TRUE
2490284917,FALSE
2490284508,FALSE
2490284478,FALSE
2490284317,TRUE
2490284098,FALSE
2490284041,FALSE
2490283464,TRUE
2490283199,FALSE
2490282676,TRUE
2490282552,FALSE
2490282489,TRUE
2490282453,FALSE
2490282301,FALSE
2490282118,TRUE
2490281993,FALSE
2490281955,FALSE
2490281947,TRUE
2490281658,FALSE
2490281201,TRUE
2490281139,FALSE
2490281081,FALSE
2490281075,FALSE
2490280225,TRUE
2490279931,TRUE
2490279875,FALSE
2490279681,FALSE
2490279532,FALSE
2490279359,FALSE
2490279194,TRUE
2490279183,FALSE
2490279061,TRUE
2490279018,FALSE
2490278871,FALSE
2490278817,FALSE
2490278732,TRUE
2490278551,TRUE
2490278345,FALSE
2490278220,FALSE
2490278218,TRUE
2490278167,TRUE
2490278108,FALSE
2490278071,FALSE
2490277753,FALSE
2490277737,TRUE
2490277540,TRUE
2490277394,TRUE
2490276998,TRUE
2490276895,FALSE
2490276320,TRUE
2490275961,FALSE
2490275839,FALSE
2490275745,FALSE
2490275090,TRUE
2490274968,TRUE
2490274809,TRUE
2490274688,FALSE
2490274594,FALSE
2490274567,FALSE
2490274405,FALSE
2490274308,FALSE
2490274252,TRUE
2490274086,TRUE
2490273854,FALSE
2490273611,TRUE
2490273456,TRUE
2490273415,TRUE
2490273403,TRUE
2490272584,TRUE
2490272305,FALSE
2490271992,TRUE
2490271522,FALSE
2490271377,TRUE
2490271216,TRUE
2490271002,FALSE
2490270813,FALSE
2490270459,FALSE
2490270407,TRUE
2490269792,FALSE
2490269545,TRUE
2490268347,FALSE
2490268122,FALSE
2490267963,TRUE
2490267724,TRUE
2490267604,FALSE
2490267437,FALSE
2490267415,TRUE
2490266734,TRUE
2490266149,TRUE
2490266029,FALSE
2490265883,FALSE
2490265786,FALSE
2490265256,FALSE
2490265240,TRUE
2490265238,FALSE
2490265234,FALSE
2490265022,TRUE
2490265010,FALSE
2490264520,FALSE
2490264408,TRUE
2490264325,FALSE
2490264309,TRUE
2490264085,TRUE
2490263632,FALSE
2490263456,TRUE
2490263054,TRUE
2490262811,FALSE
2490262397,TRUE
2490261332,FALSE
2490261246,FALSE
2490261135,TRUE
2490260996,FALSE
2490260710,TRUE
2490260621,FALSE
2490260215,TRUE
2490260071,FALSE
2490259832,FALSE
2490259059,FALSE
2490258848,TRUE
2490258827,TRUE
2490258531,FALSE
2490258530,FALSE
2490257824,FALSE
2490257740,TRUE
2490257732,TRUE
2490257688,TRUE
2490257649,FALSE
2490257634,FALSE
2490257416,TRUE
2490257344,TRUE
2490257333,TRUE
2490257262,FALSE
2490257135,FALSE
2490257090,TRUE
2490256968,TRUE
2490256830,TRUE
2490256793,FALSE
2490256564,TRUE
2490256458,FALSE
2490256261,TRUE
2490256060,TRUE
2490256005,TRUE
2490255924,TRUE
2490255881,TRUE
2490255778,TRUE
2490255557,TRUE
2490255341,FALSE
2490254893,FALSE
2490254702,TRUE
2490388915,TRUE
2490364706,FALSE
2490362413,TRUE
2490358501,TRUE
2490356098,TRUE
2490355089,TRUE
2490350997,TRUE
2490346508,TRUE
2490344554,TRUE
2490343456,FALSE
2490342781,TRUE
2490341537,FALSE
2490340708,TRUE
2490340531,TRUE
2490340108,FALSE
2490338039,TRUE
2490335085,TRUE
2490331287,TRUE
2490331196,FALSE
2490330836,TRUE
2490330774,TRUE
2490330168,TRUE
2490329772,TRUE
2490329739,TRUE
2490329106,TRUE
2490327600,FALSE
2490327088,TRUE
2490326802,FALSE
2490326162,TRUE
2490322401,TRUE
2490322211,TRUE
2490321236,TRUE
2490319885,TRUE
2490319471,TRUE
2490319020,TRUE
2490318864,TRUE
2490318581,TRUE
2490318534,FALSE
2490318132,TRUE
2490317613,FALSE
2490317318,TRUE
2490317189,TRUE
2490317145,TRUE
2490316874,FALSE
2490316563,FALSE
2490316551,FALSE
2490316205,TRUE
2490316034,TRUE
2490315557,TRUE
2490315256,TRUE
2490314445,FALSE
2490314318,FALSE
2490314219,FALSE
2490314103,TRUE
2490313893,TRUE
2490313806,FALSE
2490311005,TRUE
2490310884,TRUE
2490309970,TRUE
2490309730,TRUE
2490309622,TRUE
2490309448,FALSE
2490308970,TRUE
2490307701,FALSE
2490307426,FALSE
2490307366,FALSE
2490306920,FALSE
2490306642,TRUE
2490305661,TRUE
2490305315,FALSE
2490304378,TRUE
2490303595,FALSE
2490303546,TRUE
2490303079,TRUE
2490302457,TRUE
2490302414,TRUE
2490301690,FALSE
2490301578,FALSE
2490301369,TRUE
2490300904,TRUE
2490300425,TRUE
2490300225,FALSE
2490300165,FALSE
2490299794,TRUE
2490299351,TRUE
2490299342,TRUE
2490299081,TRUE
2490298203,FALSE
2490297535,TRUE
2490297225,TRUE
2490297126,TRUE
2490296629,TRUE
2490296447,TRUE
2490296445,FALSE
2490295946,TRUE
2490295814,FALSE
2490294578,FALSE
2490294340,FALSE
2490293594,TRUE
2490293524,TRUE
2490293274,TRUE
2490293273,TRUE
2490293186,TRUE
2490293132,FALSE
2490292712,FALSE
2490292667,TRUE
2490292280,TRUE
2490292270,FALSE
2490292189,FALSE
2490292165,TRUE
2490291786,TRUE
2490291618,TRUE
2490291488,TRUE
2490291058,FALSE
2490290889,TRUE
2490290867,TRUE
2490290854,TRUE
2490290550,FALSE
2490290326,TRUE
2490290030,TRUE
2490289882,TRUE
2490289752,TRUE
2490289638,TRUE
2490289041,FALSE
2490288885,FALSE
2490288629,TRUE
2490288551,TRUE
2490288526,TRUE
2490287846,TRUE
2490287773,TRUE
2490287341,TRUE
2490287256,TRUE
2490287237,TRUE
2490287143,TRUE
2490287090,TRUE
2490286956,FALSE
2490286949,FALSE
2490286854,FALSE
2490286743,TRUE
2490286664,TRUE
2490286634,TRUE
2490286353,TRUE
2490285978,TRUE
2490285911,TRUE
2490285835,TRUE
2490285751,FALSE
2490285735,FALSE
2490285535,TRUE
2490285510,FALSE
2490285108,FALSE
2490284906,FALSE
2490284860,FALSE
2490284595,TRUE
2490284101,TRUE
2490283055,TRUE
2490282897,FALSE
2490282835,FALSE
2490282717,TRUE
2490282511,FALSE
2490282463,FALSE
2490282345,TRUE
2490281817,FALSE
2490281598,TRUE
2490281559,FALSE
2490281138,FALSE
2490280727,TRUE
2490280713,TRUE
2490280708,TRUE
2490280597,TRUE
2490280143,TRUE
2490279918,TRUE
2490279771,FALSE
2490279739,TRUE
2490279590,FALSE
2490279506,FALSE
2490279367,FALSE
2490279185,TRUE
2490279003,FALSE
2490278952,TRUE
2490278823,TRUE
2490278540,FALSE
2490278500,TRUE
2490278440,TRUE
2490278373,TRUE
2490278262,FALSE
2490277957,FALSE
2490277759,FALSE
2490277673,FALSE
2490277542,TRUE
2490277484,FALSE
2490277260,TRUE
2490277129,FALSE
2490277001,TRUE
2490276865,TRUE
2490276773,TRUE
2490275886,TRUE
2490275861,FALSE
2490275788,FALSE
2490275685,FALSE
2490275580,FALSE
2490275161,TRUE
2490274862,FALSE
2490274816,TRUE
2490274772,TRUE
2490274531,FALSE
2490274440,TRUE
2490274255,TRUE
2490274031,TRUE
2490273981,TRUE
2490273912,TRUE
2490273729,TRUE
2490273676,FALSE
2490273608,TRUE
2490273478,TRUE
2490273296,FALSE
2490273250,TRUE
2490272750,TRUE
2490272414,TRUE
2490272209,TRUE
2490271909,TRUE
2490271652,TRUE
2490271576,TRUE
2490271319,TRUE
2490271246,FALSE
2490271214,FALSE
2490271174,TRUE
2490271014,FALSE
2490270817,FALSE
2490270777,TRUE
2490270702,FALSE
2490270444,FALSE
2490270433,FALSE
2490270431,TRUE
2490269988,FALSE
2490269836,FALSE
2490269828,TRUE
2490269747,FALSE
2490269536,FALSE
2490269456,TRUE
2490269170,FALSE
2490269117,TRUE
2490268863,TRUE
2490268857,TRUE
2490268815,TRUE
2490268774,FALSE
2490268637,FALSE
2490268607,TRUE
2490268568,FALSE
2490268546,FALSE
2490268415,FALSE
2490268334,FALSE
2490268064,TRUE
2490267886,FALSE
2490267807,FALSE
2490267710,TRUE
2490267518,TRUE
2490396705,TRUE
2490390978,TRUE
2490384044,TRUE
2490373982,TRUE
2490364046,TRUE
2490362447,FALSE
2490355417,FALSE
2490353785,FALSE
2490353392,TRUE
2490352520,TRUE
2490352000,TRUE
2490349979,TRUE
2490348052,TRUE
2490347404,TRUE
2490346231,TRUE
2490344928,TRUE
2490344806,TRUE
2490344063,FALSE
2490343451,TRUE
2490341547,FALSE
2490341270,FALSE
2490340443,TRUE
2490339498,TRUE
2490339175,FALSE
2490339025,TRUE
2490338927,FALSE
2490338723,TRUE
2490338543,FALSE
2490338097,TRUE
2490337986,TRUE
2490337704,TRUE
2490337681,FALSE
2490337493,TRUE
2490337134,FALSE
2490336691,FALSE
2490336640,TRUE
2490336200,FALSE
2490336146,FALSE
2490336078,FALSE
2490336073,TRUE
2490335962,FALSE
2490335929,TRUE
2490330318,TRUE
2490326394,TRUE
2490324865,FALSE
2490324544,TRUE
2490321491,TRUE
2490321245,TRUE
2490320997,TRUE
2490319718,FALSE
2490319413,TRUE
2490319032,FALSE
2490317761,FALSE
2490317695,TRUE
2490317154,TRUE
2490317084,TRUE
2490315047,FALSE
2490314920,FALSE
2490314295,TRUE
2490314101,TRUE
2490313721,TRUE
2490313708,TRUE
2490312539,TRUE
2490312506,FALSE
2490312306,TRUE
2490312113,TRUE
2490312100,TRUE
2490311131,TRUE
2490310401,TRUE
2490310251,FALSE
2490309996,TRUE
2490309361,TRUE
2490309348,FALSE
2490308646,FALSE
2490307934,FALSE
2490307280,TRUE
2490307000,FALSE
2490306717,TRUE
2490306451,TRUE
2490306313,TRUE
2490305902,FALSE
2490305755,TRUE
2490305407,TRUE
2490305295,FALSE
2490304344,TRUE
2490304333,FALSE
2490304178,TRUE
2490304167,FALSE
2490304033,FALSE
2490303903,TRUE
2490303701,FALSE
2490303282,FALSE
2490303176,TRUE
2490303105,FALSE
2490302066,TRUE
2490301845,TRUE
2490301577,TRUE
2490301316,FALSE
2490300601,TRUE
2490300599,FALSE
2490299960,FALSE
2490299762,FALSE
2490299405,TRUE
2490299113,FALSE
2490298863,FALSE
2490298527,TRUE
2490298441,FALSE
2490298437,TRUE
2490297990,TRUE
2490297586,TRUE
2490297426,FALSE
2490297401,FALSE
2490297342,FALSE
2490297303,FALSE
2490297281,TRUE
2490296984,TRUE
2490296610,TRUE
2490296450,TRUE
2490296260,FALSE
2490296144,TRUE
2490295762,FALSE
2490295744,TRUE
2490295132,TRUE
2490295089,TRUE
2490294975,TRUE
2490294705,TRUE
2490294644,TRUE
2490294537,FALSE
2490294468,TRUE
2490294464,TRUE
2490294261,FALSE
2490293836,TRUE
2490293828,FALSE
2490293683,TRUE
2490293629,TRUE
2490293533,TRUE
2490293300,TRUE
2490292545,TRUE
2490292513,TRUE
2490292417,TRUE
2490292266,FALSE
2490291961,TRUE
2490291952,TRUE
2490291928,TRUE
2490291922,TRUE
2490291846,FALSE
2490291741,TRUE
2490291435,TRUE
2490291134,FALSE
2490291046,FALSE
2490290751,FALSE
2490290689,TRUE
2490290332,FALSE
2490289798,FALSE
2490289548,FALSE
2490289433,TRUE
2490289166,TRUE
2490289083,TRUE
2490288976,TRUE
2490288938,TRUE
2490288859,FALSE
2490288634,TRUE
2490288395,TRUE
2490288345,TRUE
2490288301,FALSE
2490288230,FALSE
2490287787,TRUE
2490287530,FALSE
2490286885,FALSE
2490286881,TRUE
2490286542,TRUE
2490286528,TRUE
2490286220,TRUE
2490286127,TRUE
2490286022,TRUE
2490286007,FALSE
2490285946,TRUE
2490285825,TRUE
2490285769,TRUE
2490285357,TRUE
2490285268,FALSE
2490285143,TRUE
2490285116,TRUE
2490285099,FALSE
2490285030,FALSE
2490284975,FALSE
2490284908,FALSE
2490284633,FALSE
2490284586,FALSE
2490284481,FALSE
2490284470,TRUE
2490284345,FALSE
2490284244,TRUE
2490284122,FALSE
2490284059,FALSE
2490284042,FALSE
2490284026,FALSE
2490283933,FALSE
2490283887,FALSE
2490283777,FALSE
2490283670,FALSE
2490283539,FALSE
2490283347,TRUE
2490283281,FALSE
2490283198,TRUE
2490282648,TRUE
2490282392,FALSE
2490282383,FALSE
2490282139,FALSE
2490282066,FALSE
2490281949,TRUE
2490281916,FALSE
2490281804,TRUE
2490281661,TRUE
2490281498,FALSE
2490281461,FALSE
2490281358,TRUE
2490281097,TRUE
2490281092,FALSE
2490280954,TRUE
2490280936,FALSE
2490280876,FALSE
2490280820,TRUE
2490280813,TRUE
2490280609,TRUE
2490280556,TRUE
2490280481,TRUE
2490280476,TRUE
2490280387,FALSE
2490280369,TRUE
2490280328,TRUE
2490280203,FALSE
2490280192,TRUE
2490279828,TRUE
2490279684,TRUE
2490279556,TRUE
2490279482,TRUE
2490279317,TRUE
2490279135,TRUE
2490279131,FALSE
2490279110,FALSE
2490279081,FALSE
2490279072,TRUE
2490279063,TRUE
2490278973,FALSE
2490278963,FALSE
2490278862,TRUE
2490278805,TRUE
2490278582,TRUE
2490278581,TRUE
2490278483,FALSE
2490278478,TRUE
2490424870,TRUE
2490415815,TRUE
2490408145,TRUE
2490407655,TRUE
2490401535,TRUE
2490393979,TRUE
2490391142,TRUE
2490374144,FALSE
2490368779,FALSE
2490366185,TRUE
2490363940,TRUE
2490358943,TRUE
2490358675,FALSE
2490358203,TRUE
2490357529,TRUE
2490357280,FALSE
2490354965,FALSE
2490354637,TRUE
2490353706,TRUE
2490351969,FALSE
2490350025,TRUE
2490349793,TRUE
2490349244,FALSE
2490348557,FALSE
2490348221,FALSE
2490347325,FALSE
2490345983,TRUE
2490345789,TRUE
2490345441,TRUE
2490345034,TRUE
2490344549,FALSE
2490344273,TRUE
2490343619,TRUE
2490342597,FALSE
2490342393,FALSE
2490340589,FALSE
2490340530,FALSE
2490340527,TRUE
2490340201,TRUE
2490340112,TRUE
2490339812,TRUE
2490338817,TRUE
2490338690,TRUE
2490337136,TRUE
2490337009,TRUE
2490336239,TRUE
2490336082,FALSE
2490335988,TRUE
2490335457,TRUE
2490335356,TRUE
2490335147,TRUE
2490335032,TRUE
2490334282,FALSE
2490334093,TRUE
2490333706,TRUE
2490333639,FALSE
2490333294,FALSE
2490333068,FALSE
2490332751,TRUE
2490332283,FALSE
2490330653,FALSE
2490330521,TRUE
2490330429,FALSE
2490330301,TRUE
2490330278,TRUE
2490330102,FALSE
2490329444,TRUE
2490329285,TRUE
2490328172,FALSE
2490328000,FALSE
2490326849,TRUE
2490325945,FALSE
2490325783,FALSE
2490325734,FALSE
2490325647,FALSE
2490325308,FALSE
2490325294,TRUE
2490325037,FALSE
2490324941,TRUE
2490324842,TRUE
2490324746,FALSE
2490324677,FALSE
2490324580,TRUE
2490323540,TRUE
2490323400,FALSE
2490323221,FALSE
2490323091,TRUE
2490323077,TRUE
2490322213,FALSE
2490322183,FALSE
2490322010,FALSE
2490321981,TRUE
2490321747,FALSE
2490320817,FALSE
2490320771,FALSE
2490320659,FALSE
2490320478,TRUE
2490319740,TRUE
2490319739,TRUE
2490318890,TRUE
2490318218,TRUE
2490317458,TRUE
2490317376,FALSE
2490317108,FALSE
2490316971,TRUE
2490316469,FALSE
2490316255,FALSE
2490316105,FALSE
2490315754,FALSE
2490315596,TRUE
2490315465,FALSE
2490315463,TRUE
2490315461,TRUE
2490314931,TRUE
2490314213,FALSE
2490312876,TRUE
2490312536,TRUE
2490311873,TRUE
2490311780,FALSE
2490311513,TRUE
2490311292,FALSE
2490311069,TRUE
2490310893,FALSE
2490310353,TRUE
2490310191,FALSE
2490310152,TRUE
2490310135,FALSE
2490310118,TRUE
2490308602,TRUE
2490308247,TRUE
2490307894,FALSE
2490307548,TRUE
2490307411,TRUE
2490306989,TRUE
2490306832,FALSE
2490306633,FALSE
2490306523,TRUE
2490306514,TRUE
2490306331,FALSE
2490306201,FALSE
2490305720,FALSE
2490305609,FALSE
2490305144,TRUE
2490304929,TRUE
2490304697,TRUE
2490303768,FALSE
2490303761,FALSE
2490303656,TRUE
2490303286,TRUE
2490303144,TRUE
2490302593,TRUE
2490302456,TRUE
2490301854,FALSE
2490301715,FALSE
2490301570,TRUE
2490301425,FALSE
2490301257,TRUE
2490301190,FALSE
2490301100,FALSE
2490300895,TRUE
2490300180,FALSE
2490300175,FALSE
2490299505,FALSE
2490299324,FALSE
2490299024,FALSE
2490298873,FALSE
2490298787,TRUE
2490298711,TRUE
2490298665,TRUE
2490298438,FALSE
2490298167,FALSE
2490298018,FALSE
2490297936,FALSE
2490297900,TRUE
2490297602,FALSE
2490297533,TRUE
2490297480,TRUE
2490297402,FALSE
2490296770,TRUE
2490296575,TRUE
2490296340,FALSE
2490296014,FALSE
2490295909,FALSE
2490295393,FALSE
2490295243,TRUE
2490295050,TRUE
2490295026,TRUE
2490294784,FALSE
2490294647,FALSE
2490294010,FALSE
2490293605,TRUE
2490293539,FALSE
2490293217,TRUE
2490292752,FALSE
2490292223,FALSE
2490291690,TRUE
2490291674,FALSE
2490291218,TRUE
2490291191,FALSE
2490290589,TRUE
2490290200,FALSE
2490290198,FALSE
2490290191,TRUE
2490289933,TRUE
2490289826,FALSE
2490289795,FALSE
2490289089,FALSE
2490288147,FALSE
2490287951,TRUE
2490287592,TRUE
2490287499,TRUE
2490287291,TRUE
2490286882,FALSE
2490286742,FALSE
2490286739,FALSE
2490286626,FALSE
2490286464,FALSE
2490286264,TRUE
2490285892,FALSE
2490285823,TRUE
2490285109,TRUE
2490285055,FALSE
2490284652,FALSE
2490284580,TRUE
2490284050,FALSE
2490283985,FALSE
2490283479,FALSE
2490283453,FALSE
2490283398,FALSE
2490283324,FALSE
2490283007,FALSE
2490282743,TRUE
2490281906,FALSE
2490281688,FALSE
2490281250,FALSE
2490281155,FALSE
2490280992,TRUE
2490280974,TRUE
2490280921,FALSE
2490280716,TRUE
2490280473,TRUE
2490280393,TRUE
2490280375,TRUE
2490279729,TRUE
2490279660,TRUE
2490279531,TRUE
2490279508,TRUE
2490279448,FALSE
2490279435,FALSE
2490279291,FALSE
2490278481,FALSE
2490278310,TRUE
2490278112,TRUE
2490278067,FALSE
2490277955,TRUE
2490277941,FALSE
2490277856,TRUE
2490277513,TRUE
2490277490,FALSE
2490277445,TRUE
2490276190,TRUE
2490276148,TRUE
2490275881,TRUE
2490275710,TRUE
2490275699,TRUE
2490275598,TRUE
2490275581,TRUE
2490418948,TRUE
2490417448,FALSE
2490416649,FALSE
2490402237,TRUE
2490396440,TRUE
2490395052,TRUE
2490395018,TRUE
2490393407,FALSE
2490390918,TRUE
2490387066,TRUE
2490384412,FALSE
2490382209,FALSE
2490381275,TRUE
2490380512,TRUE
2490379460,TRUE
2490379339,TRUE
2490377788,TRUE
2490377543,TRUE
2490377227,TRUE
2490376922,TRUE
2490376648,FALSE
2490376174,FALSE
2490376073,FALSE
2490375967,TRUE
2490375832,TRUE
2490374282,FALSE
2490373748,TRUE
2490373733,TRUE
2490372717,TRUE
2490372609,TRUE
2490371764,TRUE
2490371713,FALSE
2490371500,TRUE
2490371220,FALSE
2490371118,TRUE
2490371084,TRUE
2490370859,FALSE
2490370858,TRUE
2490370639,TRUE
2490370538,TRUE
2490370253,FALSE
2490370081,TRUE
2490369701,TRUE
2490369508,TRUE
2490369408,FALSE
2490369390,FALSE
2490369371,FALSE
2490368980,TRUE
2490368648,TRUE
2490368395,TRUE
2490368381,TRUE
2490367834,TRUE
2490367753,TRUE
2490367315,FALSE
2490367135,FALSE
2490367012,FALSE
2490366793,FALSE
2490366672,FALSE
2490366534,FALSE
2490366484,TRUE
2490366483,TRUE
2490366314,FALSE
2490366145,TRUE
2490366085,FALSE
2490366083,FALSE
2490366027,TRUE
2490365944,TRUE
2490365853,FALSE
2490365815,TRUE
2490365617,TRUE
2490365371,TRUE
2490365245,TRUE
2490365239,TRUE
2490364933,TRUE
2490364877,TRUE
2490364775,FALSE
2490364662,TRUE
2490364647,TRUE
2490364504,TRUE
2490364385,TRUE
2490364366,FALSE
2490364307,TRUE
2490364303,TRUE
2490364080,TRUE
2490364042,FALSE
2490364033,TRUE
2490363897,FALSE
2490363832,FALSE
2490363814,TRUE
2490363764,TRUE
2490363737,TRUE
2490363220,TRUE
2490362975,TRUE
2490362769,TRUE
2490362731,TRUE
2490362548,TRUE
2490362184,FALSE
2490362102,TRUE
2490361936,TRUE
2490361922,FALSE
2490361906,TRUE
2490361819,FALSE
2490361781,TRUE
2490361709,FALSE
2490361655,FALSE
2490361514,TRUE
2490361512,TRUE
2490361510,FALSE
2490361338,TRUE
2490361332,TRUE
2490361181,TRUE
2490361166,TRUE
2490361126,FALSE
2490361120,TRUE
2490361080,TRUE
2490361044,TRUE
2490360853,FALSE
2490360810,FALSE
2490360766,TRUE
2490360716,FALSE
2490360679,TRUE
2490360524,FALSE
2490360380,FALSE
2490360291,TRUE
2490360242,TRUE
2490359988,TRUE
2490359899,FALSE
2490359789,TRUE
2490359488,FALSE
2490359411,TRUE
2490359107,TRUE
2490359070,TRUE
2490358980,TRUE
2490358882,TRUE
2490358696,FALSE
2490358674,TRUE
2490358634,TRUE
2490358537,FALSE
2490358535,TRUE
2490358526,FALSE
2490358348,TRUE
2490358305,FALSE
2490358225,TRUE
2490358161,FALSE
2490358096,FALSE
2490358074,TRUE
2490357742,TRUE
2490357681,TRUE
2490357546,TRUE
2490357433,TRUE
2490357426,TRUE
2490357415,FALSE
2490357392,TRUE
2490357340,TRUE
2490357267,TRUE
2490357196,TRUE
2490357122,FALSE
2490357078,FALSE
2490356992,TRUE
2490356989,TRUE
2490356886,TRUE
2490356871,TRUE
2490356837,TRUE
2490356825,FALSE
2490356674,TRUE
2490356537,FALSE
2490356513,TRUE
2490356478,FALSE
2490356473,FALSE
2490356464,FALSE
2490356352,FALSE
2490356224,FALSE
2490356182,TRUE
2490356022,FALSE
2490355962,TRUE
2490355958,FALSE
2490355914,FALSE
2490355828,TRUE
2490355705,FALSE
2490355430,TRUE
2490355314,TRUE
2490355236,FALSE
2490355222,TRUE
2490355127,TRUE
2490355046,FALSE
2490354859,TRUE
2490354769,TRUE
2490354720,FALSE
2490354682,TRUE
2490354667,TRUE
2490354585,FALSE
2490354343,FALSE
2490354126,TRUE
2490353981,FALSE
2490353928,TRUE
2490353844,TRUE
2490353843,TRUE
2490353745,TRUE
2490353693,FALSE
2490353637,FALSE
2490353618,TRUE
2490353614,FALSE
2490353589,TRUE
2490353564,TRUE
2490353562,FALSE
2490353522,TRUE
2490353434,TRUE
2490353404,TRUE
2490353386,FALSE
2490353330,TRUE
2490353328,FALSE
2490353270,TRUE
2490353120,TRUE
2490353099,TRUE
2490353053,TRUE
2490353023,TRUE
2490352943,FALSE
2490352821,TRUE
2490352767,TRUE
2490352746,TRUE
2490352640,TRUE
2490352508,TRUE
2490352475,TRUE
2490352468,FALSE
2490352434,FALSE
2490352390,TRUE
2490352327,TRUE
2490352235,TRUE
2490352226,TRUE
2490352195,FALSE
2490352189,TRUE
2490352186,FALSE
2490352087,TRUE
2490352050,FALSE
2490352044,TRUE
2490351954,TRUE
2490351923,FALSE
2490351793,TRUE
2490351755,FALSE
2490351626,TRUE
2490351518,TRUE
2490351487,TRUE
2490351472,TRUE
2490351455,FALSE
2490351402,TRUE
2490351342,FALSE
2490351307,FALSE
2490351257,FALSE
2490351244,TRUE
2490351239,TRUE
2490351198,TRUE
2490351051,FALSE
2490351043,TRUE
2490350996,FALSE
2490350935,TRUE
2490350884,TRUE
2490350880,FALSE
2490350784,TRUE
2490350771,FALSE
2490350627,FALSE
2490350622,FALSE
2490350600,TRUE
2490350274,FALSE
2490350226,FALSE
2490350158,FALSE
2490350068,TRUE
2490350000,FALSE
2490349994,FALSE
2490349803,FALSE
2490349687,TRUE
2490349648,TRUE
2490349548,TRUE
2490349501,TRUE
2490349339,TRUE
2490349302,FALSE
2490349301,TRUE
2490349204,FALSE
2490349117,FALSE
2490349086,FALSE
2490349066,TRUE
2490349064,TRUE
2490349011,FALSE
2490348822,TRUE
2490348773,FALSE
2490348764,TRUE
2490348762,TRUE
2490348729,TRUE
2490348663,TRUE
2490348564,TRUE
2490348477,TRUE
2490433949,TRUE
2490431242,TRUE
2490422134,TRUE
2490419482,TRUE
2490410674,TRUE
2490404156,TRUE
2490400817,FALSE
2490395416,FALSE
2490393994,TRUE
2490393768,TRUE
2490393581,TRUE
2490393495,TRUE
2490390044,TRUE
2490389152,TRUE
2490388873,TRUE
2490388771,FALSE
2490387874,TRUE
2490387689,TRUE
2490386448,FALSE
2490383980,TRUE
2490383977,TRUE
2490383414,FALSE
2490382197,TRUE
2490382171,TRUE
2490381582,TRUE
2490381347,TRUE
2490381336,FALSE
2490380007,TRUE
2490379877,TRUE
2490378709,FALSE
2490377465,FALSE
2490377331,TRUE
2490377328,FALSE
2490377314,FALSE
2490376953,FALSE
2490376904,TRUE
2490376681,TRUE
2490376305,FALSE
2490376139,TRUE
2490375981,FALSE
2490375376,FALSE
2490375170,TRUE
2490363209,TRUE
2490354552,TRUE
2490353771,TRUE
2490353233,TRUE
2490349451,TRUE
2490346489,FALSE
2490346233,FALSE
2490345443,TRUE
2490344133,TRUE
2490343153,TRUE
2490342239,FALSE
2490341137,FALSE
2490338669,TRUE
2490338596,TRUE
2490337945,FALSE
2490337489,FALSE
2490336810,TRUE
2490336533,TRUE
2490335378,TRUE
2490335267,TRUE
2490334863,FALSE
2490334414,FALSE
2490334369,FALSE
2490333675,FALSE
2490333134,TRUE
2490332884,FALSE
2490331329,TRUE
2490330381,TRUE
2490330314,FALSE
2490330095,TRUE
2490330047,TRUE
2490329665,TRUE
2490329111,FALSE
2490328647,TRUE
2490328137,FALSE
2490327938,FALSE
2490327815,TRUE
2490327462,TRUE
2490326982,TRUE
2490326976,TRUE
2490326847,FALSE
2490326561,FALSE
2490326366,FALSE
2490326113,TRUE
2490326053,TRUE
2490326010,FALSE
2490325919,FALSE
2490325825,FALSE
2490325135,FALSE
2490324545,FALSE
2490324518,TRUE
2490324064,FALSE
2490323795,TRUE
2490323775,TRUE
2490323555,TRUE
2490323501,FALSE
2490323461,TRUE
2490322763,TRUE
2490322759,TRUE
2490322750,FALSE
2490322709,TRUE
2490322508,TRUE
2490321800,TRUE
2490321439,FALSE
2490321404,FALSE
2490321350,TRUE
2490321074,FALSE
2490321072,FALSE
2490320948,FALSE
2490320941,FALSE
2490320901,FALSE
2490320873,TRUE
2490320818,TRUE
2490320633,FALSE
2490320556,TRUE
2490320364,FALSE
2490319820,TRUE
2490319817,TRUE
2490319592,TRUE
2490319226,TRUE
2490319223,FALSE
2490319176,TRUE
2490319038,TRUE
2490319014,FALSE
2490318969,TRUE
2490318849,TRUE
2490318734,FALSE
2490318597,TRUE
2490318489,FALSE
2490317837,FALSE
2490317704,FALSE
2490317663,FALSE
2490317627,TRUE
2490317408,FALSE
2490317360,FALSE
2490317321,TRUE
2490316986,TRUE
2490316457,FALSE
2490316447,TRUE
2490316327,FALSE
2490316226,TRUE
2490316195,TRUE
2490316137,FALSE
2490315812,FALSE
2490315654,FALSE
2490315622,FALSE
2490315613,TRUE
2490315323,TRUE
2490315304,FALSE
2490315203,TRUE
2490315161,FALSE
2490315149,TRUE
2490314978,TRUE
2490314821,FALSE
2490314767,FALSE
2490314741,FALSE
2490314683,FALSE
2490314607,TRUE
2490314513,TRUE
2490314452,TRUE
2490314394,TRUE
2490314222,TRUE
2490314142,TRUE
2490314014,TRUE
2490313989,TRUE
2490325781,TRUE
2490325585,TRUE
2490325485,FALSE
2490325446,FALSE
2490325240,TRUE
2490324835,TRUE
2490324653,FALSE
2490324240,FALSE
2490323992,TRUE
2490323851,TRUE
2490323625,FALSE
2490323569,FALSE
2490323505,TRUE
2490323388,FALSE
2490323235,TRUE
2490323171,FALSE
2490323131,TRUE
2490323052,FALSE
2490322758,FALSE
2490322547,FALSE
2490322238,TRUE
2490322186,FALSE
2490321762,FALSE
2490321692,TRUE
2490321626,FALSE
2490321359,TRUE
2490321228,TRUE
2490320859,TRUE
2490320730,FALSE
2490320661,FALSE
2490320629,TRUE
2490320526,FALSE
2490320475,TRUE
2490320377,TRUE
2490320365,TRUE
2490320258,FALSE
2490319877,FALSE
2490319808,TRUE
2490476692,TRUE
2490470819,TRUE
2490466664,FALSE
2490463836,TRUE
2490463186,TRUE
2490461686,FALSE
2490459515,FALSE
2490455729,TRUE
2490455112,TRUE
2490450589,TRUE
2490441899,TRUE
2490440896,FALSE
2490436983,FALSE
2490434559,TRUE
2490432543,TRUE
2490432434,FALSE
2490430753,TRUE
2490429901,TRUE
2490425799,TRUE
2490425057,TRUE
2490424323,TRUE
2490423510,TRUE
2490420526,FALSE
2490420418,TRUE
2490418369,TRUE
2490418111,TRUE
2490417569,TRUE
2490417075,FALSE
2490416600,TRUE
2490415202,TRUE
2490414791,TRUE
2490414532,TRUE
2490414373,TRUE
2490414233,TRUE
2490413807,FALSE
2490412178,TRUE
2490412006,TRUE
2490411040,TRUE
2490410631,FALSE
2490410505,FALSE
2490410032,TRUE
2490409813,TRUE
2490409692,TRUE
2490409275,TRUE
2490409224,TRUE
2490408529,TRUE
2490408190,TRUE
2490407924,TRUE
2490406069,TRUE
2490403795,TRUE
2490398853,FALSE
2490398838,TRUE
2490398800,TRUE
2490397888,TRUE
2490397513,TRUE
2490396932,TRUE
2490396122,TRUE
2490393639,TRUE
2490393037,TRUE
2490391971,FALSE
2490391907,TRUE
2490390337,TRUE
2490390041,FALSE
2490389908,TRUE
2490389441,TRUE
2490389167,TRUE
2490388807,FALSE
2490388792,FALSE
2490388732,FALSE
2490388662,TRUE
2490388559,TRUE
2490387262,FALSE
2490386150,FALSE
2490385450,TRUE
2490384945,FALSE
2490384269,FALSE
2490383921,FALSE
2490383711,FALSE
2490383484,TRUE
2490382492,TRUE
2490382050,FALSE
2490381797,TRUE
2490473353,TRUE
2490464894,TRUE
2490436466,TRUE
2490435580,TRUE
2490432457,TRUE
2490430946,TRUE
2490430656,TRUE
2490428827,TRUE
2490427444,FALSE
2490427393,TRUE
2490426016,FALSE
2490423924,TRUE
2490423888,TRUE
2490422823,TRUE
2490422400,TRUE
2490421722,TRUE
2490421216,TRUE
2490420679,FALSE
2490420042,FALSE
2490419694,TRUE
2490419638,TRUE
2490419007,FALSE
2490418884,FALSE
2490418847,TRUE
2490418771,TRUE
2490418734,TRUE
2490418454,TRUE
2490418380,FALSE
2490418332,FALSE
2490417854,TRUE
2490417630,TRUE
2490416862,TRUE
2490416713,TRUE
2490416011,FALSE
2490415743,TRUE
2490414125,TRUE
2490413976,FALSE
2490413141,FALSE
2490413001,FALSE
2490412863,TRUE
2490412707,TRUE
2490412466,TRUE
2490412465,TRUE
2490412432,TRUE
2490412422,TRUE
2490411841,TRUE
2490410647,TRUE
2490410379,TRUE
2490410256,TRUE
2490410161,TRUE
2490410059,TRUE
2490409456,TRUE
2490409257,TRUE
2490409220,TRUE
2490408335,TRUE
2490408331,TRUE
2490407851,FALSE
2490407713,TRUE
2490407152,FALSE
2490407124,TRUE
2490406943,TRUE
2490406903,TRUE
2490406854,TRUE
2490406537,TRUE
2490406497,FALSE
2490406260,TRUE
2490406009,TRUE
2490405794,TRUE
2490405587,TRUE
2490405265,FALSE
2490404762,TRUE
2490404700,TRUE
2490404467,TRUE
2490404336,TRUE
2490404259,TRUE
2490404202,TRUE
2490404039,FALSE
2490404026,TRUE
2490403922,TRUE
2490403915,TRUE
2490403810,FALSE
2490403754,TRUE
2490403691,TRUE
2490403621,TRUE
2490403559,TRUE
2490403460,FALSE
2490403340,TRUE
2490402991,TRUE
2490402896,TRUE
2490402746,TRUE
2490402709,TRUE
2490402630,TRUE
2490402549,TRUE
2490402320,TRUE
2490402159,FALSE
2490402033,FALSE
2490401882,FALSE
2490401859,FALSE
2490401683,TRUE
2490401600,FALSE
2490401439,TRUE
2490401419,FALSE
2490401410,TRUE
2490401368,FALSE
2490401355,FALSE
2490401345,FALSE
2490401315,TRUE
2490401290,FALSE
2490401209,TRUE
2490401201,FALSE
2490400488,TRUE
2490400480,TRUE
2490400423,FALSE
2490400347,TRUE
2490400229,FALSE
2490400154,TRUE
2490400040,TRUE
2490399988,TRUE
2490399984,FALSE
2490399808,TRUE
2490399724,TRUE
2490399599,TRUE
2490398978,FALSE
2490398962,TRUE
2490398953,FALSE
2490398809,TRUE
2490398808,TRUE
2490398789,FALSE
2490398624,TRUE
2490398502,TRUE
2490398468,FALSE
2490398423,FALSE
2490398368,FALSE
2490398210,FALSE
2490398170,FALSE
2490398141,FALSE
2490397967,TRUE
2490397929,TRUE
2490397847,FALSE
2490397813,FALSE
2490397793,TRUE
2490397788,FALSE
2490397719,TRUE
2490397692,FALSE
2490397672,FALSE
2490397411,FALSE
2490397358,FALSE
2490397293,TRUE
2490397258,TRUE
2490397224,FALSE
2490397052,FALSE
2490397011,TRUE
2490396886,TRUE
2490396850,FALSE
2490396827,TRUE
2490396818,FALSE
2490396779,TRUE
2490396729,TRUE
2490396607,FALSE
2490396505,FALSE
2490396390,TRUE
2490396374,TRUE
2490396310,TRUE
2490396308,TRUE
2490396254,TRUE
2490396181,TRUE
2490395875,TRUE
2490395742,FALSE
2490395725,FALSE
2490395587,TRUE
2490395530,FALSE
2490395520,TRUE
2490395437,TRUE
2490395346,TRUE
2490395121,TRUE
2490395081,FALSE
2490395051,FALSE
2490395005,TRUE
2490395003,FALSE
2490394805,FALSE
2490394774,TRUE
2490394763,TRUE
2490394571,TRUE
2490394508,TRUE
2490394497,FALSE
2490394473,TRUE
2490394427,FALSE
2490394235,FALSE
2490394209,TRUE
2490394120,FALSE
2490394080,TRUE
2490394037,TRUE
2490393932,TRUE
2490393899,FALSE
2490393896,TRUE
2490393869,FALSE
2490393518,FALSE
2490393512,TRUE
2490393257,FALSE
2490393214,TRUE
2490393197,TRUE
2490393141,FALSE
2490392957,TRUE
2490392807,FALSE
2490392799,FALSE
2490392766,FALSE
2490392726,TRUE
2490392706,FALSE
2490392600,TRUE
2490392547,FALSE
2490392468,TRUE
2490392441,TRUE
2490392402,FALSE
2490392278,FALSE
2490392268,FALSE
2490392212,TRUE
2490392136,TRUE
2490392077,TRUE
2490392038,FALSE
2490391882,FALSE
2490391827,FALSE
2490391681,TRUE
2490391670,TRUE
2490391614,TRUE
2490391541,TRUE
2490391537,TRUE
2490391452,FALSE
2490391447,TRUE
2490391398,FALSE
2490391338,TRUE
2490391199,TRUE
2490391184,TRUE
2490391179,TRUE
2490391082,TRUE
2490391032,FALSE
2490390746,FALSE
2490390670,TRUE
2490390533,TRUE
2490390449,FALSE
2490390270,TRUE
2490390187,TRUE
2490390174,TRUE
2490390160,TRUE
2490389810,TRUE
2490389694,TRUE
2490389688,TRUE
2490389627,TRUE
2490389605,TRUE
2490389577,FALSE
2490389545,FALSE
2490389350,TRUE
2490389245,TRUE
2490389174,FALSE
2490388998,TRUE
2490388938,TRUE
2490388877,TRUE
2490388860,FALSE
2490388848,TRUE
2490388784,TRUE
2490388658,FALSE
2490388611,FALSE
2490388560,TRUE
2490388555,TRUE
2490388491,TRUE
2490388436,FALSE
2490388415,FALSE
2490388363,FALSE
2490388361,TRUE
2490388132,FALSE
2490388083,TRUE
2490387920,FALSE
2490387873,TRUE
2490387786,TRUE
2490387606,TRUE
2490387582,TRUE
2490387454,FALSE
2490387388,TRUE
2490387120,TRUE
2490387059,TRUE
2490387024,FALSE
2490386958,FALSE
2490386900,TRUE
2490386788,FALSE
2490386481,TRUE
2490386389,FALSE
2490386346,TRUE
2490386257,FALSE
2490386169,TRUE
2490386093,TRUE
2490386079,FALSE
2490385871,TRUE
2490385755,FALSE
2490385714,FALSE
2490385646,TRUE
2490385540,TRUE
2490385533,TRUE
2490385497,FALSE
2490385491,FALSE
2490385424,TRUE
2490385401,FALSE
2490488260,TRUE
2490486234,FALSE
2490462464,TRUE
2490460930,TRUE
2490456206,TRUE
2490439094,FALSE
2490436885,TRUE
2490434064,TRUE
2490433552,TRUE
2490432809,TRUE
2490431640,FALSE
2490430966,TRUE
2490430410,FALSE
2490430132,TRUE
2490429765,FALSE
2490428259,TRUE
2490423721,FALSE
2490421560,FALSE
2490421498,TRUE
2490421397,TRUE
2490420521,TRUE
2490420220,TRUE
2490419530,TRUE
2490419259,FALSE
2490419141,TRUE
2490417868,FALSE
2490417796,TRUE
2490416540,TRUE
2490416026,FALSE
2490415765,TRUE
2490415444,TRUE
2490415414,TRUE
2490414779,FALSE
2490414639,TRUE
2490414427,TRUE
2490414069,TRUE
2490413309,TRUE
2490413261,TRUE
2490413009,TRUE
2490412964,FALSE
2490412914,TRUE
2490412899,TRUE
2490412667,TRUE
2490412186,FALSE
2490411997,TRUE
2490411927,TRUE
2490411880,TRUE
2490411647,FALSE
2490411236,FALSE
2490410335,TRUE
2490410066,FALSE
2490409383,FALSE
2490409273,FALSE
2490408792,TRUE
2490408703,FALSE
2490408433,TRUE
2490408380,TRUE
2490408237,FALSE
2490408187,TRUE
2490407774,FALSE
2490407696,FALSE
2490407418,FALSE
2490407373,FALSE
2490406800,TRUE
2490406484,TRUE
2490405431,TRUE
2490405298,TRUE
2490405095,FALSE
2490404977,FALSE
2490404888,FALSE
2490404851,FALSE
2490404530,TRUE
2490404471,FALSE
2490404352,TRUE
2490404303,FALSE
2490404033,TRUE
2490403852,FALSE
2490403687,FALSE
2490403453,FALSE
2490403371,TRUE
2490402919,TRUE
2490402424,TRUE
2490401712,TRUE
2490401671,FALSE
2490401492,FALSE
2490401467,TRUE
2490401430,TRUE
2490401308,TRUE
2490400518,TRUE
2490400305,FALSE
2490400244,TRUE
2490399841,FALSE
2490399826,TRUE
2490399814,TRUE
2490399769,TRUE
2490399739,FALSE
2490399684,FALSE
2490399530,TRUE
2490399443,TRUE
2490399320,TRUE
2490399312,TRUE
2490399156,FALSE
2490399072,TRUE
2490398584,TRUE
2490398565,FALSE
2490398558,FALSE
2490398351,FALSE
2490398039,FALSE
2490397807,TRUE
2490397723,FALSE
2490397671,TRUE
2490397549,FALSE
2490396652,TRUE
2490396201,TRUE
2490396192,FALSE
2490395986,TRUE
2490395922,FALSE
2490395749,TRUE
2490395546,FALSE
2490395481,FALSE
2490395443,FALSE
2490395014,TRUE
2490394439,FALSE
2490394273,FALSE
2490394063,TRUE
2490393996,TRUE
2490393723,FALSE
2490393552,TRUE
2490393245,FALSE
2490393043,FALSE
2490393023,FALSE
2490392096,TRUE
2490391635,TRUE
2490391478,TRUE
2490391394,FALSE
2490391233,TRUE
2490391202,FALSE
2490391144,TRUE
2490390915,TRUE
2490390858,TRUE
2490390803,TRUE
2490390739,TRUE
2490390544,FALSE
2490390497,TRUE
2490390438,FALSE
2490390435,TRUE
2490390399,FALSE
2490390322,FALSE
2490390314,TRUE
2490390291,TRUE
2490389877,TRUE
2490389869,TRUE
2490389255,FALSE
2490389249,FALSE
2490389220,FALSE
2490389020,FALSE
2490389009,FALSE
2490388995,TRUE
2490388776,FALSE
2490388598,TRUE
2490388472,TRUE
2490388411,FALSE
2490388408,TRUE
2490388385,TRUE
2490388374,TRUE
2490388328,TRUE
2490388239,FALSE
2490388023,FALSE
2490387971,FALSE
2490387912,TRUE
2490387859,TRUE
2490387857,TRUE
2490387854,TRUE
2490387818,TRUE
2490387585,TRUE
2490387247,FALSE
2490387230,FALSE
2490387076,TRUE
2490386942,TRUE
2490386687,TRUE
2490386465,TRUE
2490386460,TRUE
2490386268,TRUE
2490386192,TRUE
2490385748,TRUE
2490385641,FALSE
2490385545,FALSE
2490385443,FALSE
2490385380,TRUE
2490385274,TRUE
2490384944,TRUE
2490384823,TRUE
2490384575,TRUE
2490384498,FALSE
2490384436,TRUE
2490383958,TRUE
2490383824,TRUE
2490383619,TRUE
2490383408,FALSE
2490382767,FALSE
2490382717,TRUE
2490382441,FALSE
2490382385,FALSE
2490382259,TRUE
2490471401,TRUE
2490456274,TRUE
2490450934,FALSE
2490450364,TRUE
2490449315,TRUE
2490448483,TRUE
2490447127,FALSE
2490446871,TRUE
2490440197,TRUE
2490437482,TRUE
2490437230,TRUE
2490437111,TRUE
2490437108,TRUE
2490436584,FALSE
2490435949,TRUE
2490433471,FALSE
2490433436,FALSE
2490432960,TRUE
2490432553,TRUE
2490432403,TRUE
2490430447,FALSE
2490430201,TRUE
2490430068,TRUE
2490429723,FALSE
2490429568,TRUE
2490429300,FALSE
2490428730,FALSE
2490428709,TRUE
2490418987,TRUE
2490414598,FALSE
2490396715,TRUE
2490387070,TRUE
2490383715,TRUE
2490381082,TRUE
2490380577,TRUE
2490380068,TRUE
2490379031,FALSE
2490378502,TRUE
2490378148,TRUE
2490377514,TRUE
2490377161,FALSE
2490377038,FALSE
2490375976,TRUE
2490374742,TRUE
2490374430,TRUE
2490374040,TRUE
2490373977,FALSE
2490373609,TRUE
2490371994,TRUE
2490371727,FALSE
2490371456,TRUE
2490370082,TRUE
2490369504,TRUE
2490369453,TRUE
2490369284,TRUE
2490368935,FALSE
2490368428,TRUE
2490368150,TRUE
2490368026,TRUE
2490366809,TRUE
2490366735,TRUE
2490366661,TRUE
2490366298,TRUE
2490366070,FALSE
2490365702,FALSE
2490365689,FALSE
2490365370,TRUE
2490365276,TRUE
2490364602,TRUE
2490364553,TRUE
2490364472,TRUE
2490364272,TRUE
2490363849,TRUE
2490363676,FALSE
2490363482,FALSE
2490363341,TRUE
2490363201,TRUE
2490363019,TRUE
2490362305,TRUE
2490362194,TRUE
2490362059,FALSE
2490362000,TRUE
2490361984,TRUE
2490361981,TRUE
2490361708,TRUE
2490361615,TRUE
2490361612,FALSE
2490361122,FALSE
2490360921,TRUE
2490360918,TRUE
2490360736,TRUE
2490360500,TRUE
2490360376,FALSE
2490360361,TRUE
2490360310,FALSE
2490360134,FALSE
2490359720,TRUE
2490359639,TRUE
2490359485,FALSE
2490359478,TRUE
2490359014,FALSE
2490359008,FALSE
2490358960,TRUE
2490358809,FALSE
2490358775,TRUE
2490358574,FALSE
2490358439,TRUE
2490358431,TRUE
2490358231,FALSE
2490495772,TRUE
2490476369,TRUE
2490475407,TRUE
2490474243,TRUE
2490465501,TRUE
2490463187,TRUE
2490459564,TRUE
2490457726,TRUE
2490452403,TRUE
2490451277,FALSE
2490450535,FALSE
2490448453,TRUE
2490445916,TRUE
2490445834,TRUE
2490443585,TRUE
2490443543,TRUE
2490441025,TRUE
2490440881,TRUE
2490439683,FALSE
2490439673,FALSE
2490438643,FALSE
2490438548,FALSE
2490438536,TRUE
2490437738,TRUE
2490437720,FALSE
2490436958,TRUE
2490436687,TRUE
2490436555,TRUE
2490435695,TRUE
2490435621,TRUE
2490435575,TRUE
2490435442,TRUE
2490435125,FALSE
2490434831,FALSE
2490434781,FALSE
2490434691,TRUE
2490434684,TRUE
2490434492,FALSE
2490434147,TRUE
2490432629,TRUE
2490432395,FALSE
2490431879,FALSE
2490431316,FALSE
2490431289,TRUE
2490431152,FALSE
2490431061,TRUE
2490430881,TRUE
2490430827,TRUE
2490430801,TRUE
2490430655,FALSE
2490430342,FALSE
2490430226,FALSE
2490429941,TRUE
2490429923,FALSE
2490429525,TRUE
2490429414,TRUE
2490429153,FALSE
2490428721,TRUE
2490428406,TRUE
2490428314,TRUE
2490428292,FALSE
2490427878,FALSE
2490427652,TRUE
2490427119,FALSE
2490427039,FALSE
2490427031,FALSE
2490427009,FALSE
2490426973,TRUE
2490426761,TRUE
2490426726,TRUE
2490426715,TRUE
2490426563,TRUE
2490426495,TRUE
2490426305,TRUE
2490426227,FALSE
2490426098,TRUE
2490426040,TRUE
2490425871,TRUE
2490425770,FALSE
2490425747,TRUE
2490425696,FALSE
2490425399,FALSE
2490425282,TRUE
2490424809,FALSE
2490424771,FALSE
2490424598,FALSE
2490424578,TRUE
2490424450,FALSE
2490424430,TRUE
2490424319,TRUE
2490423835,FALSE
2490423542,FALSE
2490423289,TRUE
2490422630,FALSE
2490422553,TRUE
2490422487,TRUE
2490422305,TRUE
2490422263,FALSE
2490421837,TRUE
2490420813,FALSE
2490420474,FALSE
2490420120,TRUE
2490419352,FALSE
2490417760,FALSE
2490416448,TRUE
2490416209,TRUE
2490416059,FALSE
2490414907,FALSE
2490414063,TRUE
2490413696,TRUE
2490413484,FALSE
2490412980,TRUE
2490412775,FALSE
2490412085,TRUE
2490410589,FALSE
2490409228,TRUE
2490408456,FALSE
2490408010,FALSE
2490408004,TRUE
2490407350,TRUE
2490407234,FALSE
2490406980,FALSE
2490406609,FALSE
2490406457,TRUE
2490406265,FALSE
2490405685,FALSE
2490404600,TRUE
2490404579,TRUE
2490404490,FALSE
2490404470,TRUE
2490404329,TRUE
2490404002,TRUE
2490403644,TRUE
2490403363,FALSE
2490403223,TRUE
2490403163,FALSE
2490403084,TRUE
2490402918,FALSE
2490402382,TRUE
2490402234,FALSE
2490402183,FALSE
2490402154,TRUE
2490402144,TRUE
2490401725,FALSE
2490401353,TRUE
2490400627,FALSE
2490400276,TRUE
2490400146,FALSE
2490399799,TRUE
2490399524,FALSE
2490399414,FALSE
2490399378,TRUE
2490398964,TRUE
2490398862,FALSE
2490398732,TRUE
2490398327,TRUE
2490398212,TRUE
2490398075,FALSE
2490397894,FALSE
2490397724,TRUE
2490397609,TRUE
2490397267,FALSE
2490396962,TRUE
2490396901,FALSE
2490396853,TRUE
2490396664,TRUE
2490396615,TRUE
2490396260,FALSE
2490396075,TRUE
2490395930,TRUE
2490395863,TRUE
2490395779,TRUE
2490395757,TRUE
2490395647,FALSE
2490395580,TRUE
2490395513,TRUE
2490395348,TRUE
2490394872,TRUE
2490394169,TRUE
2490394161,FALSE
2490394108,FALSE
2490394097,TRUE
2490393894,FALSE
2490393854,TRUE
2490393505,TRUE
2490393277,TRUE
2490393131,FALSE
2490509790,TRUE
2490507876,FALSE
2490496018,TRUE
2490485746,TRUE
2490484184,TRUE
2490476894,TRUE
2490471107,FALSE
2490470508,TRUE
2490469524,FALSE
2490467019,TRUE
2490466358,TRUE
2490465575,TRUE
2490463858,TRUE
2490463699,TRUE
2490461813,FALSE
2490460682,TRUE
2490459794,FALSE
2490459465,TRUE
2490459202,FALSE
2490458902,TRUE
2490458736,TRUE
2490458504,FALSE
2490457791,TRUE
2490457573,TRUE
2490457158,TRUE
2490456767,FALSE
2490456534,TRUE
2490453377,TRUE
2490451870,FALSE
2490547331,TRUE
2490532926,TRUE
2490532383,TRUE
2490522028,TRUE
2490511948,FALSE
2490509842,TRUE
2490509294,TRUE
2490507162,TRUE
2490505937,FALSE
2490504629,TRUE
2490503685,FALSE
2490502419,TRUE
2490501510,TRUE
2490501096,TRUE
2490499507,TRUE
2490498627,TRUE
2490498077,FALSE
2490497089,FALSE
2490496743,FALSE
2490496126,TRUE
2490496024,TRUE
2490495381,TRUE
2490494351,FALSE
2490494248,TRUE
2490494127,FALSE
2490494016,FALSE
2490494010,FALSE
2490493964,TRUE
2490493428,TRUE
2490493334,TRUE
2490492901,FALSE
2490492383,FALSE
2490492122,TRUE
2490491813,FALSE
2490491728,FALSE
2490491719,TRUE
2490491478,TRUE
2490491310,TRUE
2490491088,FALSE
2490490659,FALSE
2490490617,TRUE
2490490365,TRUE
2490489465,TRUE
2490489308,FALSE
2490489260,FALSE
2490488493,TRUE
2490488434,TRUE
2490488082,FALSE
2490487901,FALSE
2490487815,TRUE
2490487585,FALSE
