2490487155,FALSE
2490486730,TRUE
2490486473,TRUE
2490486404,TRUE
2490486181,FALSE
2490486012,FALSE
2490485944,TRUE
2490485854,TRUE
2490485848,FALSE
2490485844,FALSE
2490485793,TRUE
2490485674,FALSE
2490485594,TRUE
2490485570,TRUE
2490485364,FALSE
2490485110,TRUE
2490485013,TRUE
2490484942,TRUE
2490484886,FALSE
2490484759,TRUE
2490484697,TRUE
2490484193,FALSE
2490484143,TRUE
2490483619,TRUE
2490483568,TRUE
2490483516,TRUE
2490483483,FALSE
2490482903,FALSE
2490482622,TRUE
2490482615,TRUE
2490482375,TRUE
2490482353,TRUE
2490482020,TRUE
2490481943,TRUE
2490481817,TRUE
2490481658,FALSE
2490481394,TRUE
2490481323,FALSE
2490481281,TRUE
2490481151,TRUE
2490481097,TRUE
2490480958,TRUE
2490480900,TRUE
2490480889,TRUE
2490480805,FALSE
2490480801,TRUE
2490480771,TRUE
2490480711,TRUE
2490480354,FALSE
2490480136,TRUE
2490480117,TRUE
2490480077,TRUE
2490479997,FALSE
2490479931,TRUE
2490479776,FALSE
2490479622,FALSE
2490479381,FALSE
2490479278,TRUE
2490479201,FALSE
2490479092,FALSE
2490478986,TRUE
2490478711,FALSE
2490478576,TRUE
2490478317,TRUE
2490477690,TRUE
2490477461,TRUE
2490477418,TRUE
2490477394,TRUE
2490477391,FALSE
2490477112,TRUE
2490477039,FALSE
2490476941,FALSE
2490476918,TRUE
2490476853,FALSE
2490476817,TRUE
2490476746,TRUE
2490476325,TRUE
2490476140,TRUE
2490475922,TRUE
2490475597,FALSE
2490475499,TRUE
2490475262,FALSE
2490474959,FALSE
2490474784,FALSE
2490474714,TRUE
2490474570,TRUE
2490474545,TRUE
2490474481,TRUE
2490474289,FALSE
2490474100,TRUE
2490474074,TRUE
2490474060,FALSE
2490473944,TRUE
2490473757,FALSE
2490473724,TRUE
2490473720,TRUE
2490473382,FALSE
2490473183,FALSE
2490473174,TRUE
2490473170,TRUE
2490473114,TRUE
2490473113,TRUE
2490473110,FALSE
2490472961,TRUE
2490472748,TRUE
2490472612,FALSE
2490472606,FALSE
2490472371,FALSE
2490472325,TRUE
2490472324,TRUE
2490471784,TRUE
2490471755,TRUE
2490471599,TRUE
2490471477,FALSE
2490471367,TRUE
2490471083,FALSE
2490470999,FALSE
2490470964,TRUE
2490470869,TRUE
2490470603,TRUE
2490470466,TRUE
2490470314,TRUE
2490470209,TRUE
2490470205,TRUE
2490469220,TRUE
2490469070,FALSE
2490469043,FALSE
2490468982,FALSE
2490468601,FALSE
2490468002,FALSE
2490467946,FALSE
2490467750,TRUE
2490467699,TRUE
2490467656,FALSE
2490467552,FALSE
2490467380,FALSE
2490467215,TRUE
2490467185,TRUE
2490467024,TRUE
2490466964,TRUE
2490466916,TRUE
2490466865,FALSE
2490466764,FALSE
2490466646,TRUE
2490466609,TRUE
2490466512,TRUE
2490466452,TRUE
2490466408,TRUE
2490466398,FALSE
2490466388,TRUE
2490466283,FALSE
2490465995,TRUE
2490465895,FALSE
2490465827,FALSE
2490465570,TRUE
2490465347,FALSE
2490465220,FALSE
2490465160,TRUE
2490465109,FALSE
2490464869,FALSE
2490464849,FALSE
2490464832,TRUE
2490464304,TRUE
2490464179,TRUE
2490464126,FALSE
2490464046,TRUE
2490464019,FALSE
2490463979,TRUE
2490463873,TRUE
2490463821,FALSE
2490463725,TRUE
2490463708,TRUE
2490463459,TRUE
2490463399,TRUE
2490463253,TRUE
2490463149,TRUE
2490463063,FALSE
2490463062,TRUE
2490463007,FALSE
2490462991,TRUE
2490462790,FALSE
2490462734,TRUE
2490462583,FALSE
2490462566,TRUE
2490462508,TRUE
2490462347,FALSE
2490462346,TRUE
2490462307,TRUE
2490462225,TRUE
2490462224,FALSE
2490462184,TRUE
2490462171,TRUE
2490462165,TRUE
2490462117,FALSE
2490462060,TRUE
2490462047,TRUE
2490461983,TRUE
2490461825,TRUE
2490461695,FALSE
2490461690,FALSE
2490461644,TRUE
2490461530,FALSE
2490461397,TRUE
2490461192,FALSE
2490461186,TRUE
2490461149,FALSE
2490461043,TRUE
2490460814,FALSE
2490460719,TRUE
2490460695,TRUE
2490460634,TRUE
2490460633,TRUE
2490459836,TRUE
2490459743,TRUE
2490459377,TRUE
2490459363,FALSE
2490459327,TRUE
2490459233,TRUE
2490459149,FALSE
2490459059,FALSE
2490458949,TRUE
2490458767,FALSE
2490458723,FALSE
2490458722,TRUE
2490458575,FALSE
2490458485,FALSE
2490458438,FALSE
2490458435,FALSE
2490574284,TRUE
2490570391,FALSE
2490562262,TRUE
2490551217,TRUE
2490546753,TRUE
2490533969,TRUE
2490527528,TRUE
2490524148,TRUE
2490520486,TRUE
2490512016,TRUE
2490511341,FALSE
2490510316,TRUE
2490509971,TRUE
2490507958,FALSE
2490507698,FALSE
2490507457,TRUE
2490506677,FALSE
2490505724,TRUE
2490503519,FALSE
2490503207,FALSE
2490499899,TRUE
2490499146,FALSE
2490497942,TRUE
2490497878,FALSE
2490497260,FALSE
2490494326,TRUE
2490492300,TRUE
2490491714,FALSE
2490491611,TRUE
2490490574,TRUE
2490490109,TRUE
2490489818,FALSE
2490489803,TRUE
2490488402,TRUE
2490488234,TRUE
2490484491,TRUE
2490482869,FALSE
2490481899,TRUE
2490481865,TRUE
2490481545,TRUE
2490481451,FALSE
2490480894,TRUE
2490480887,TRUE
2490480217,TRUE
2490479977,TRUE
2490478892,FALSE
2490478885,TRUE
2490478639,FALSE
2490477348,TRUE
2490477290,FALSE
2490474819,TRUE
2490474224,FALSE
2490474055,TRUE
2490473616,FALSE
2490473520,TRUE
2490473351,FALSE
2490472942,TRUE
2490471772,TRUE
2490471483,FALSE
2490471416,TRUE
2490470827,TRUE
2490470732,TRUE
2490470719,FALSE
2490470499,TRUE
2490470159,TRUE
2490470014,FALSE
2490469763,TRUE
2490469592,TRUE
2490469068,FALSE
2490467128,FALSE
2490467006,TRUE
2490466757,FALSE
2490466364,TRUE
2490465723,TRUE
2490465722,TRUE
2490465059,TRUE
2490464275,FALSE
2490464226,TRUE
2490464185,FALSE
2490463856,TRUE
2490463413,FALSE
2490462564,TRUE
2490462559,TRUE
2490462425,TRUE
2490462101,FALSE
2490461958,TRUE
2490461943,FALSE
2490461937,FALSE
2490461880,TRUE
2490461747,TRUE
2490461504,TRUE
2490460802,FALSE
2490460233,FALSE
2490459526,FALSE
2490458845,FALSE
2490458265,FALSE
2490458166,TRUE
2490458120,FALSE
2490458101,TRUE
2490458069,FALSE
2490457805,FALSE
2490457775,FALSE
2490457425,TRUE
2490457017,TRUE
2490456926,TRUE
2490456897,TRUE
2490456355,TRUE
2490456072,TRUE
2490455841,TRUE
2490455343,TRUE
2490454938,TRUE
2490454899,TRUE
2490453889,FALSE
2490453702,TRUE
2490453483,FALSE
2490453248,TRUE
2490453185,TRUE
2490453048,TRUE
2490452983,TRUE
2490452853,TRUE
2490452824,FALSE
2490452797,FALSE
2490452347,TRUE
2490452220,TRUE
2490451605,TRUE
2490451385,TRUE
2490451193,FALSE
2490450938,TRUE
2490450284,FALSE
2490450085,TRUE
2490449842,FALSE
2490449460,FALSE
2490449014,TRUE
2490448947,FALSE
2490448903,FALSE
2490448820,TRUE
2490448791,TRUE
2490447939,TRUE
2490446813,TRUE
2490446714,TRUE
2490446606,FALSE
2490446497,TRUE
2490446371,TRUE
2490446302,TRUE
2490446062,TRUE
2490445789,FALSE
2490445367,TRUE
2490445334,TRUE
2490445219,FALSE
2490444985,TRUE
2490444728,TRUE
2490444524,TRUE
2490443990,FALSE
2490443803,FALSE
2490443472,TRUE
2490443071,TRUE
2490442674,TRUE
2490442205,TRUE
2490441987,FALSE
2490441733,TRUE
2490441635,FALSE
2490441579,TRUE
2490441492,FALSE
2490441193,FALSE
2490441028,FALSE
2490440552,FALSE
2490440070,TRUE
2490439955,FALSE
2490439951,TRUE
2490439948,FALSE
2490439835,FALSE
2490439707,FALSE
2490439416,FALSE
2490439206,TRUE
2490439161,TRUE
2490438945,TRUE
2490438767,FALSE
2490438533,FALSE
2490438522,FALSE
2490438409,TRUE
2490438369,TRUE
2490438039,TRUE
2490437806,FALSE
2490437796,FALSE
2490437727,FALSE
2490437499,TRUE
2490437350,TRUE
2490437216,TRUE
2490437182,FALSE
2490436632,FALSE
2490436508,TRUE
2490435782,FALSE
2490434797,FALSE
2490434651,FALSE
2490434539,TRUE
2490434453,FALSE
2490434249,FALSE
2490434065,FALSE
2490433426,FALSE
2490433193,FALSE
2490433052,TRUE
2490432940,FALSE
2490432514,TRUE
2490432195,FALSE
2490432063,FALSE
2490431944,FALSE
2490431580,FALSE
2490431454,TRUE
2490431319,TRUE
2490431020,FALSE
2490431017,TRUE
2490430696,FALSE
2490430260,TRUE
2490430213,FALSE
2490429969,TRUE
2490429864,TRUE
2490429230,FALSE
2490428953,TRUE
2490428419,TRUE
2490428178,TRUE
2490427811,TRUE
2490427582,TRUE
2490427356,TRUE
2490427135,FALSE
2490426493,TRUE
2490426437,TRUE
2490426293,TRUE
2490425797,TRUE
2490425754,FALSE
2490425130,TRUE
2490424274,TRUE
2490423765,FALSE
2490422975,TRUE
2490422934,TRUE
2490422824,FALSE
2490422433,FALSE
2490422360,TRUE
2490422049,FALSE
2490421830,TRUE
2490421777,FALSE
2490421683,FALSE
2490421316,TRUE
2490421073,FALSE
2490421057,FALSE
2490420966,TRUE
2490420664,TRUE
2490420235,FALSE
2490419998,FALSE
2490419608,TRUE
2490419597,FALSE
2490419476,FALSE
2490419427,FALSE
2490419130,FALSE
2490418990,FALSE
2490418939,FALSE
2490418772,FALSE
2490418009,TRUE
2490416832,FALSE
2490416554,TRUE
2490416496,TRUE
2490416450,TRUE
2490416269,TRUE
2490416144,TRUE
2490415895,TRUE
2490415719,TRUE
2490415416,FALSE
2490415156,FALSE
2490414838,TRUE
2490414756,TRUE
2490414691,TRUE
2490414680,TRUE
2490586907,FALSE
2490570641,FALSE
2490570292,TRUE
2490557834,FALSE
2490553343,TRUE
2490550945,TRUE
2490547238,FALSE
2490543095,TRUE
2490537536,TRUE
2490530325,TRUE
2490522327,FALSE
2490520678,TRUE
2490518751,TRUE
2490517877,FALSE
2490515082,FALSE
2490514295,FALSE
2490514254,FALSE
2490512894,FALSE
2490510494,FALSE
2490509465,FALSE
2490509033,TRUE
2490508961,TRUE
2490508629,FALSE
2490508604,TRUE
2490508328,TRUE
2490506189,TRUE
2490506028,TRUE
2490505869,TRUE
2490505409,FALSE
2490505371,TRUE
2490504781,TRUE
2490504327,FALSE
2490503911,TRUE
2490502161,TRUE
2490501393,FALSE
2490500849,TRUE
2490500666,TRUE
2490500302,TRUE
2490500228,FALSE
2490499651,TRUE
2490487515,TRUE
2490484676,TRUE
2490465806,FALSE
2490455148,TRUE
2490448361,FALSE
2490448175,FALSE
2490446023,FALSE
2490444568,FALSE
2490442459,TRUE
2490442189,TRUE
2490441890,TRUE
2490440799,FALSE
2490440660,TRUE
2490440362,TRUE
2490440053,FALSE
2490439705,TRUE
2490438647,TRUE
2490438381,TRUE
2490436302,FALSE
2490435694,TRUE
2490435409,TRUE
2490435076,TRUE
2490434576,TRUE
2490434376,FALSE
2490434156,FALSE
2490433833,FALSE
2490433224,TRUE
2490432761,TRUE
2490432512,TRUE
2490432408,FALSE
2490432390,TRUE
2490432130,FALSE
2490570348,FALSE
2490552833,TRUE
2490549868,TRUE
2490547631,TRUE
2490538825,TRUE
2490538204,FALSE
2490537750,FALSE
2490536522,FALSE
2490536302,FALSE
2490535309,TRUE
2490535231,FALSE
2490535005,TRUE
2490533952,TRUE
2490533696,TRUE
2490533546,TRUE
2490533249,FALSE
2490532502,TRUE
2490531708,FALSE
2490529726,TRUE
2490529239,FALSE
2490528943,TRUE
2490528885,TRUE
2490528502,TRUE
2490528501,TRUE
2490528442,TRUE
2490528426,FALSE
2490528153,FALSE
2490527669,FALSE
2490527271,TRUE
2490527216,FALSE
2490527130,TRUE
2490526873,FALSE
2490526739,FALSE
2490526666,FALSE
2490526632,FALSE
2490526318,TRUE
2490525934,TRUE
2490525650,TRUE
2490525206,TRUE
2490525153,TRUE
2490524942,TRUE
2490524934,TRUE
2490524933,TRUE
2490524464,FALSE
2490524315,TRUE
2490524186,TRUE
2490524133,TRUE
2490524005,FALSE
2490522885,TRUE
2490522530,TRUE
2490522395,TRUE
2490522179,TRUE
2490521971,FALSE
2490521879,TRUE
2490521700,FALSE
2490521674,TRUE
2490521521,TRUE
2490521291,TRUE
2490521113,FALSE
2490520880,TRUE
2490520733,TRUE
2490520633,TRUE
2490520542,TRUE
2490519880,FALSE
2490519814,TRUE
2490519658,TRUE
2490519596,TRUE
2490519210,TRUE
2490519189,FALSE
2490519048,TRUE
2490518941,TRUE
2490518724,FALSE
2490518666,FALSE
2490518644,TRUE
2490518360,FALSE
2490518237,FALSE
2490518125,FALSE
2490518119,TRUE
2490517928,FALSE
2490517723,TRUE
2490517710,FALSE
2490517597,TRUE
2490517480,TRUE
2490517445,FALSE
2490517324,TRUE
2490517268,TRUE
2490517072,TRUE
2490517024,TRUE
2490516786,FALSE
2490516698,FALSE
2490516529,TRUE
2490516497,TRUE
2490516480,TRUE
2490516457,TRUE
2490516117,TRUE
2490516032,FALSE
2490515794,FALSE
2490515676,FALSE
2490515637,FALSE
2490515470,FALSE
2490515461,TRUE
2490515412,FALSE
2490515405,TRUE
2490515402,TRUE
2490515293,TRUE
2490515273,TRUE
2490514978,TRUE
2490514729,FALSE
2490514534,TRUE
2490514362,TRUE
2490514226,TRUE
2490514189,TRUE
2490514090,TRUE
2490513993,FALSE
2490513794,TRUE
2490513621,TRUE
2490513570,TRUE
2490513532,TRUE
2490513492,TRUE
2490513401,FALSE
2490513297,FALSE
2490513058,TRUE
2490512883,TRUE
2490512801,TRUE
2490512619,FALSE
2490512417,FALSE
2490512405,FALSE
2490511934,TRUE
2490511930,FALSE
2490511840,TRUE
2490511837,TRUE
2490511758,FALSE
2490511741,TRUE
2490511736,TRUE
2490511610,TRUE
2490511586,TRUE
2490511517,FALSE
2490511361,FALSE
2490511182,TRUE
2490511087,TRUE
2490511054,FALSE
2490511005,FALSE
2490511000,TRUE
2490510905,TRUE
2490510845,TRUE
2490510778,TRUE
2490510766,TRUE
2490510758,TRUE
2490510663,TRUE
2490510597,FALSE
2490510376,TRUE
2490510326,TRUE
2490510210,TRUE
2490510164,TRUE
2490510141,TRUE
2490509987,TRUE
2490509969,TRUE
2490509910,TRUE
2490509673,FALSE
2490509542,TRUE
2490509429,FALSE
2490509421,TRUE
2490509374,TRUE
2490509355,TRUE
2490509332,FALSE
2490509237,FALSE
2490509231,TRUE
2490509146,TRUE
2490509143,FALSE
2490509139,TRUE
2490509137,TRUE
2490509076,FALSE
2490509065,FALSE
2490508967,FALSE
2490508799,TRUE
2490508317,TRUE
2490508274,TRUE
2490508273,TRUE
2490508201,TRUE
2490508097,FALSE
2490508081,TRUE
2490508043,TRUE
2490507941,TRUE
2490598306,TRUE
2490578423,TRUE
2490576219,FALSE
2490567345,TRUE
2490565076,FALSE
2490563503,FALSE
2490552652,FALSE
2490545326,TRUE
2490544209,TRUE
2490542800,TRUE
2490542671,FALSE
2490541610,TRUE
2490541609,TRUE
2490539327,TRUE
2490539061,TRUE
2490537748,FALSE
2490537393,TRUE
2490536927,FALSE
2490535512,TRUE
2490534689,FALSE
2490533455,TRUE
2490533426,TRUE
2490532051,TRUE
2490531066,FALSE
2490529841,FALSE
2490529320,TRUE
2490528689,FALSE
2490528687,TRUE
2490528638,FALSE
2490528387,TRUE
2490528375,TRUE
2490527708,FALSE
2490527645,FALSE
2490526898,TRUE
2490526896,TRUE
2490526590,FALSE
2490526251,TRUE
2490525918,TRUE
2490525887,FALSE
2490525426,TRUE
2490524854,TRUE
2490524761,FALSE
2490524114,FALSE
2490523968,FALSE
2490523934,TRUE
2490523724,FALSE
2490523368,FALSE
2490523185,TRUE
2490522947,TRUE
2490522912,TRUE
2490522606,TRUE
2490522396,TRUE
2490522200,FALSE
2490522109,TRUE
2490521634,FALSE
2490521406,FALSE
2490521224,FALSE
2490521107,TRUE
2490521051,TRUE
2490520865,FALSE
2490520848,TRUE
2490520841,TRUE
2490520762,TRUE
2490520590,TRUE
2490520497,FALSE
2490520100,FALSE
2490519994,TRUE
2490519921,TRUE
2490519878,TRUE
2490519772,TRUE
2490519591,FALSE
2490519465,FALSE
2490519138,TRUE
2490518987,TRUE
2490518940,FALSE
2490518641,FALSE
2490518088,TRUE
2490517785,TRUE
2490517781,FALSE
2490517732,FALSE
2490517716,TRUE
2490517698,FALSE
2490517338,TRUE
2490516441,FALSE
2490515761,TRUE
2490515667,TRUE
2490515588,TRUE
2490515157,TRUE
2490515096,TRUE
2490514932,TRUE
2490514595,TRUE
2490514297,FALSE
2490514266,TRUE
2490514232,FALSE
2490513798,FALSE
2490513631,TRUE
2490513571,FALSE
2490513522,FALSE
2490513307,TRUE
2490513213,TRUE
2490513179,FALSE
2490512828,FALSE
2490512730,FALSE
2490512675,FALSE
2490512662,TRUE
2490512559,FALSE
2490512200,FALSE
2490512161,FALSE
2490511910,FALSE
2490511894,TRUE
2490511880,TRUE
2490511761,TRUE
2490511756,FALSE
2490511746,TRUE
2490511667,TRUE
2490511587,TRUE
2490511471,TRUE
2490511369,TRUE
2490511347,FALSE
2490511116,FALSE
2490510988,FALSE
2490510850,TRUE
2490510659,TRUE
2490510269,TRUE
2490510162,FALSE
2490510090,FALSE
2490509918,FALSE
2490509678,TRUE
2490509638,FALSE
2490509469,TRUE
2490508953,TRUE
2490508852,TRUE
2490508749,TRUE
2490508674,FALSE
2490508671,FALSE
2490508439,TRUE
2490508429,FALSE
2490508366,TRUE
2490508250,FALSE
2490508037,FALSE
2490507903,TRUE
2490507882,TRUE
2490507509,FALSE
2490507434,TRUE
2490507012,TRUE
2490506904,TRUE
2490506659,TRUE
2490506619,FALSE
2490506417,FALSE
2490506240,FALSE
2490506203,TRUE
2490506103,TRUE
2490506068,TRUE
2490505895,TRUE
2490505870,TRUE
2490505829,FALSE
2490505809,FALSE
2490505676,TRUE
2490505497,TRUE
2490505377,TRUE
2490505354,FALSE
2490505353,FALSE
2490505054,TRUE
2490504956,FALSE
2490504774,FALSE
2490504624,TRUE
2490504435,FALSE
2490504366,TRUE
2490504354,TRUE
2490504349,TRUE
2490504270,FALSE
2490504261,FALSE
2490503960,TRUE
2490503905,FALSE
2490503902,TRUE
2490503850,FALSE
2490503754,TRUE
2490503670,TRUE
2490503595,FALSE
2490503529,FALSE
2490503488,FALSE
2490503297,TRUE
2490503280,TRUE
2490503268,TRUE
2490503146,FALSE
2490503144,FALSE
2490502681,TRUE
2490502526,TRUE
2490502402,TRUE
2490501728,FALSE
2490501673,FALSE
2490501471,FALSE
2490501353,TRUE
2490501308,FALSE
2490501187,TRUE
2490501133,FALSE
2490501118,FALSE
2490501099,TRUE
2490500869,FALSE
2490500572,FALSE
2490500523,FALSE
2490500472,FALSE
2490499807,TRUE
2490499727,TRUE
2490499452,FALSE
2490499381,TRUE
2490499302,TRUE
2490499286,FALSE
2490499257,TRUE
2490499241,TRUE
2490498995,FALSE
2490498942,TRUE
2490498743,TRUE
2490498680,FALSE
2490498616,FALSE
2490498517,TRUE
2490498442,TRUE
2490498279,TRUE
2490498215,TRUE
2490497973,TRUE
2490497962,FALSE
2490497943,TRUE
2490497833,TRUE
2490497786,TRUE
2490497782,TRUE
2490497557,FALSE
2490497475,FALSE
2490497439,TRUE
2490497376,FALSE
2490497270,TRUE
2490497221,FALSE
2490497086,FALSE
2490496963,FALSE
2490563832,TRUE
2490557205,TRUE
2490551847,FALSE
2490549288,TRUE
2490547121,TRUE
2490546033,FALSE
2490543521,FALSE
2490541551,TRUE
2490540417,TRUE
2490539525,FALSE
2490538685,FALSE
2490538072,TRUE
2490537678,TRUE
2490537638,TRUE
2490537517,TRUE
2490536799,FALSE
2490536229,TRUE
2490535996,FALSE
2490535549,FALSE
2490535467,TRUE
2490535453,FALSE
2490534637,TRUE
2490532998,TRUE
2490532970,FALSE
2490531074,FALSE
2490530811,TRUE
2490530111,FALSE
2490530087,FALSE
2490529952,TRUE
2490529666,TRUE
2490529553,TRUE
2490529362,TRUE
2490529205,FALSE
2490520962,TRUE
2490514548,FALSE
2490512895,TRUE
2490512104,TRUE
2490508327,TRUE
2490507796,FALSE
2490506865,TRUE
2490505081,TRUE
2490504208,TRUE
2490503617,TRUE
2490502875,FALSE
2490501573,FALSE
2490500733,FALSE
2490500321,FALSE
2490500257,TRUE
2490499987,FALSE
2490499846,TRUE
2490499821,FALSE
2490499389,TRUE
2490498739,FALSE
2490497581,TRUE
2490497550,TRUE
2490495557,FALSE
2490495058,FALSE
2490495017,TRUE
2490494645,TRUE
2490494556,TRUE
2490494432,TRUE
2490494116,FALSE
2490494031,FALSE
